<?xml version="1.0" encoding="UTF-8"?>
<testsuite xmlns:xsi="http://www.w3.org/2001/XMLSchema-instance" xsi:noNamespaceSchemaLocation="https://maven.apache.org/surefire/maven-surefire-plugin/xsd/surefire-test-report-3.0.xsd" version="3.0" name="tech.yesboss.persistence.db.DatabaseInitializerTest" time="0.017" tests="12" errors="0" skipped="0" failures="0">
  <properties>
[...]
</properties>
  <testcase name="testImTypeCheckConstraint" classname="tech.yesboss.persistence.db.DatabaseInitializerTest" time="0.005"/>
  <testcase name="testChatMessageTableExists" classname="tech.yesboss.persistence.db.DatabaseInitializerTest" time="0.002"/>
  <testcase name="testTaskSessionTableExists" classname="tech.yesboss.persistence.db.DatabaseInitializerTest" time="0.001"/>
  <testcase name="testToolExecutionLogTableExists" classname="tech.yesboss.persistence.db.DatabaseInitializerTest" time="0.001"/>
  <testcase name="testStatusCheckConstraint" classname="tech.yesboss.persistence.db.DatabaseInitializerTest" time="0.001"/>
  <testcase name="testIdxToolLogSession" classname="tech.yesboss.persistence.db.DatabaseInitializerTest" time="0.001"/>
  <testcase name="testInitializeSchema" classname="tech.yesboss.persistence.db.DatabaseInitializerTest" time="0.001"/>
  <testcase name="testIdxChatMsgSeq" classname="tech.yesboss.persistence.db.DatabaseInitializerTest" time="0.001"/>
  <testcase name="testIdxToolLogCallId" classname="tech.yesboss.persistence.db.DatabaseInitializerTest" time="0.0"/>
  <testcase name="testIdxSessionParent" classname="tech.yesboss.persistence.db.DatabaseInitializerTest" time="0.001"/>
  <testcase name="testIdxSessionImRoute" classname="tech.yesboss.persistence.db.DatabaseInitializerTest" time="0.001"/>
  <testcase name="testChatMessageUniqueConstraint" classname="tech.yesboss.persistence.db.DatabaseInitializerTest" time="0.001"/>
</testsuite>