<?xml version="1.0" encoding="UTF-8"?>
<testsuite xmlns:xsi="http://www.w3.org/2001/XMLSchema-instance" xsi:noNamespaceSchemaLocation="https://maven.apache.org/surefire/maven-surefire-plugin/xsd/surefire-test-report-3.0.xsd" version="3.0" name="tech.yesboss.persistence.repository.RepositoryLayerTest" time="2.239" tests="11" errors="0" skipped="0" failures="0">
  <properties>
[...]
</properties>
  <testcase name="testChatMessageDeleteBySession" classname="tech.yesboss.persistence.repository.RepositoryLayerTest" time="0.392">
    <system-out><![CDATA[20:24:59.729 [main] INFO tech.yesboss.persistence.db.SingleThreadDbWriter -- Started SQLite single-thread consumer daemon
20:24:59.729 [SQLite-Single-Thread-Writer] DEBUG tech.yesboss.persistence.db.SingleThreadDbWriter -- Consumer thread started
20:24:59.730 [main] DEBUG tech.yesboss.persistence.db.SingleThreadDbWriter -- Submitted event: InsertTaskSessionEvent
20:24:59.730 [main] DEBUG tech.yesboss.persistence.repository.TaskSessionRepositoryImpl -- Submitted session save event for id=tsk_del_001
20:24:59.731 [SQLite-Single-Thread-Writer] DEBUG tech.yesboss.persistence.db.SingleThreadDbWriter -- Processing event: InsertTaskSessionEvent
20:24:59.734 [SQLite-Single-Thread-Writer] DEBUG tech.yesboss.persistence.db.SingleThreadDbWriter -- Completed event: InsertTaskSessionEvent
20:24:59.841 [main] DEBUG tech.yesboss.persistence.db.SingleThreadDbWriter -- Submitted event: InsertMessageEvent
20:24:59.842 [main] DEBUG tech.yesboss.persistence.repository.ChatMessageRepositoryImpl -- Submitted message event for session=tsk_del_001, stream=GLOBAL, seq=1
20:24:59.842 [SQLite-Single-Thread-Writer] DEBUG tech.yesboss.persistence.db.SingleThreadDbWriter -- Processing event: InsertMessageEvent
20:24:59.843 [SQLite-Single-Thread-Writer] DEBUG tech.yesboss.persistence.db.SingleThreadDbWriter -- Completed event: InsertMessageEvent
20:24:59.943 [main] DEBUG tech.yesboss.persistence.repository.ChatMessageRepositoryImpl -- Fetching context for session=tsk_del_001, stream=GLOBAL
20:24:59.946 [main] DEBUG tech.yesboss.persistence.repository.ChatMessageRepositoryImpl -- Fetched 1 messages for session=tsk_del_001, stream=GLOBAL
20:24:59.947 [main] DEBUG tech.yesboss.persistence.db.SingleThreadDbWriter -- Submitted event: DeleteMessagesEvent
20:24:59.947 [main] DEBUG tech.yesboss.persistence.repository.ChatMessageRepositoryImpl -- Submitted delete messages event for session=tsk_del_001
20:24:59.947 [SQLite-Single-Thread-Writer] DEBUG tech.yesboss.persistence.db.SingleThreadDbWriter -- Processing event: DeleteMessagesEvent
20:24:59.947 [SQLite-Single-Thread-Writer] DEBUG tech.yesboss.persistence.db.SingleThreadDbWriter -- Completed event: DeleteMessagesEvent
20:25:00.057 [main] DEBUG tech.yesboss.persistence.repository.ChatMessageRepositoryImpl -- Fetching context for session=tsk_del_001, stream=GLOBAL
20:25:00.058 [main] DEBUG tech.yesboss.persistence.repository.ChatMessageRepositoryImpl -- Fetched 0 messages for session=tsk_del_001, stream=GLOBAL
20:25:00.058 [SQLite-Single-Thread-Writer] DEBUG tech.yesboss.persistence.db.SingleThreadDbWriter -- Consumer thread interrupted
20:25:00.058 [SQLite-Single-Thread-Writer] DEBUG tech.yesboss.persistence.db.SingleThreadDbWriter -- Consumer thread terminated
20:25:00.058 [main] INFO tech.yesboss.persistence.db.SingleThreadDbWriter -- Stopped SQLite single-thread consumer
]]></system-out>
  </testcase>
  <testcase name="testChatMessageSave" classname="tech.yesboss.persistence.repository.RepositoryLayerTest" time="0.205">
    <system-out><![CDATA[20:25:00.060 [main] INFO tech.yesboss.persistence.db.SingleThreadDbWriter -- Started SQLite single-thread consumer daemon
20:25:00.060 [SQLite-Single-Thread-Writer] DEBUG tech.yesboss.persistence.db.SingleThreadDbWriter -- Consumer thread started
20:25:00.060 [main] DEBUG tech.yesboss.persistence.db.SingleThreadDbWriter -- Submitted event: InsertTaskSessionEvent
20:25:00.060 [main] DEBUG tech.yesboss.persistence.repository.TaskSessionRepositoryImpl -- Submitted session save event for id=tsk_msg_001
20:25:00.060 [SQLite-Single-Thread-Writer] DEBUG tech.yesboss.persistence.db.SingleThreadDbWriter -- Processing event: InsertTaskSessionEvent
20:25:00.060 [SQLite-Single-Thread-Writer] DEBUG tech.yesboss.persistence.db.SingleThreadDbWriter -- Completed event: InsertTaskSessionEvent
20:25:00.160 [main] DEBUG tech.yesboss.persistence.db.SingleThreadDbWriter -- Submitted event: InsertMessageEvent
20:25:00.160 [SQLite-Single-Thread-Writer] DEBUG tech.yesboss.persistence.db.SingleThreadDbWriter -- Processing event: InsertMessageEvent
20:25:00.161 [main] DEBUG tech.yesboss.persistence.repository.ChatMessageRepositoryImpl -- Submitted message event for session=tsk_msg_001, stream=GLOBAL, seq=1
20:25:00.161 [SQLite-Single-Thread-Writer] DEBUG tech.yesboss.persistence.db.SingleThreadDbWriter -- Completed event: InsertMessageEvent
20:25:00.261 [main] DEBUG tech.yesboss.persistence.repository.ChatMessageRepositoryImpl -- Fetching context for session=tsk_msg_001, stream=GLOBAL
20:25:00.261 [main] DEBUG tech.yesboss.persistence.repository.ChatMessageRepositoryImpl -- Fetched 1 messages for session=tsk_msg_001, stream=GLOBAL
20:25:00.262 [SQLite-Single-Thread-Writer] DEBUG tech.yesboss.persistence.db.SingleThreadDbWriter -- Consumer thread interrupted
20:25:00.262 [SQLite-Single-Thread-Writer] DEBUG tech.yesboss.persistence.db.SingleThreadDbWriter -- Consumer thread terminated
20:25:00.262 [main] INFO tech.yesboss.persistence.db.SingleThreadDbWriter -- Stopped SQLite single-thread consumer
]]></system-out>
  </testcase>
  <testcase name="testTaskSessionFindByParentId" classname="tech.yesboss.persistence.repository.RepositoryLayerTest" time="0.117">
    <system-out><![CDATA[20:25:00.267 [main] INFO tech.yesboss.persistence.db.SingleThreadDbWriter -- Started SQLite single-thread consumer daemon
20:25:00.267 [main] DEBUG tech.yesboss.persistence.db.SingleThreadDbWriter -- Submitted event: InsertTaskSessionEvent
20:25:00.267 [main] DEBUG tech.yesboss.persistence.repository.TaskSessionRepositoryImpl -- Submitted session save event for id=tsk_master_001
20:25:00.267 [SQLite-Single-Thread-Writer] DEBUG tech.yesboss.persistence.db.SingleThreadDbWriter -- Consumer thread started
20:25:00.267 [main] DEBUG tech.yesboss.persistence.db.SingleThreadDbWriter -- Submitted event: InsertTaskSessionEvent
20:25:00.267 [main] DEBUG tech.yesboss.persistence.repository.TaskSessionRepositoryImpl -- Submitted session save event for id=tsk_worker_001
20:25:00.267 [SQLite-Single-Thread-Writer] DEBUG tech.yesboss.persistence.db.SingleThreadDbWriter -- Processing event: InsertTaskSessionEvent
20:25:00.267 [main] DEBUG tech.yesboss.persistence.db.SingleThreadDbWriter -- Submitted event: InsertTaskSessionEvent
20:25:00.267 [main] DEBUG tech.yesboss.persistence.repository.TaskSessionRepositoryImpl -- Submitted session save event for id=tsk_worker_002
20:25:00.268 [SQLite-Single-Thread-Writer] DEBUG tech.yesboss.persistence.db.SingleThreadDbWriter -- Completed event: InsertTaskSessionEvent
20:25:00.268 [SQLite-Single-Thread-Writer] DEBUG tech.yesboss.persistence.db.SingleThreadDbWriter -- Processing event: InsertTaskSessionEvent
20:25:00.268 [SQLite-Single-Thread-Writer] DEBUG tech.yesboss.persistence.db.SingleThreadDbWriter -- Completed event: InsertTaskSessionEvent
20:25:00.268 [SQLite-Single-Thread-Writer] DEBUG tech.yesboss.persistence.db.SingleThreadDbWriter -- Processing event: InsertTaskSessionEvent
20:25:00.268 [SQLite-Single-Thread-Writer] DEBUG tech.yesboss.persistence.db.SingleThreadDbWriter -- Completed event: InsertTaskSessionEvent
20:25:00.380 [SQLite-Single-Thread-Writer] DEBUG tech.yesboss.persistence.db.SingleThreadDbWriter -- Consumer thread interrupted
20:25:00.380 [SQLite-Single-Thread-Writer] DEBUG tech.yesboss.persistence.db.SingleThreadDbWriter -- Consumer thread terminated
20:25:00.380 [main] INFO tech.yesboss.persistence.db.SingleThreadDbWriter -- Stopped SQLite single-thread consumer
]]></system-out>
  </testcase>
  <testcase name="testToolExecutionFindBySessionId" classname="tech.yesboss.persistence.repository.RepositoryLayerTest" time="0.218">
    <system-out><![CDATA[20:25:00.383 [main] INFO tech.yesboss.persistence.db.SingleThreadDbWriter -- Started SQLite single-thread consumer daemon
20:25:00.383 [SQLite-Single-Thread-Writer] DEBUG tech.yesboss.persistence.db.SingleThreadDbWriter -- Consumer thread started
20:25:00.383 [main] DEBUG tech.yesboss.persistence.db.SingleThreadDbWriter -- Submitted event: InsertTaskSessionEvent
20:25:00.383 [main] DEBUG tech.yesboss.persistence.repository.TaskSessionRepositoryImpl -- Submitted session save event for id=tsk_tools_001
20:25:00.383 [SQLite-Single-Thread-Writer] DEBUG tech.yesboss.persistence.db.SingleThreadDbWriter -- Processing event: InsertTaskSessionEvent
20:25:00.383 [SQLite-Single-Thread-Writer] DEBUG tech.yesboss.persistence.db.SingleThreadDbWriter -- Completed event: InsertTaskSessionEvent
20:25:00.484 [main] DEBUG tech.yesboss.persistence.db.SingleThreadDbWriter -- Submitted event: InsertToolExecutionLogEvent
20:25:00.484 [SQLite-Single-Thread-Writer] DEBUG tech.yesboss.persistence.db.SingleThreadDbWriter -- Processing event: InsertToolExecutionLogEvent
20:25:00.484 [main] DEBUG tech.yesboss.persistence.repository.ToolExecutionRepositoryImpl -- Submitted tool log event for session=tsk_tools_001, tool=tool_a
20:25:00.484 [main] DEBUG tech.yesboss.persistence.db.SingleThreadDbWriter -- Submitted event: InsertToolExecutionLogEvent
20:25:00.484 [main] DEBUG tech.yesboss.persistence.repository.ToolExecutionRepositoryImpl -- Submitted tool log event for session=tsk_tools_001, tool=tool_b
20:25:00.484 [main] DEBUG tech.yesboss.persistence.db.SingleThreadDbWriter -- Submitted event: InsertToolExecutionLogEvent
20:25:00.484 [main] DEBUG tech.yesboss.persistence.repository.ToolExecutionRepositoryImpl -- Submitted tool log event for session=tsk_tools_001, tool=tool_c
20:25:00.485 [SQLite-Single-Thread-Writer] DEBUG tech.yesboss.persistence.db.SingleThreadDbWriter -- Completed event: InsertToolExecutionLogEvent
20:25:00.485 [SQLite-Single-Thread-Writer] DEBUG tech.yesboss.persistence.db.SingleThreadDbWriter -- Processing event: InsertToolExecutionLogEvent
20:25:00.485 [SQLite-Single-Thread-Writer] DEBUG tech.yesboss.persistence.db.SingleThreadDbWriter -- Completed event: InsertToolExecutionLogEvent
20:25:00.485 [SQLite-Single-Thread-Writer] DEBUG tech.yesboss.persistence.db.SingleThreadDbWriter -- Processing event: InsertToolExecutionLogEvent
20:25:00.485 [SQLite-Single-Thread-Writer] DEBUG tech.yesboss.persistence.db.SingleThreadDbWriter -- Completed event: InsertToolExecutionLogEvent
20:25:00.598 [SQLite-Single-Thread-Writer] DEBUG tech.yesboss.persistence.db.SingleThreadDbWriter -- Consumer thread interrupted
20:25:00.598 [SQLite-Single-Thread-Writer] DEBUG tech.yesboss.persistence.db.SingleThreadDbWriter -- Consumer thread terminated
20:25:00.598 [main] INFO tech.yesboss.persistence.db.SingleThreadDbWriter -- Stopped SQLite single-thread consumer
]]></system-out>
  </testcase>
  <testcase name="testTaskSessionUpdateStatus" classname="tech.yesboss.persistence.repository.RepositoryLayerTest" time="0.216">
    <system-out><![CDATA[20:25:00.601 [main] INFO tech.yesboss.persistence.db.SingleThreadDbWriter -- Started SQLite single-thread consumer daemon
20:25:00.601 [SQLite-Single-Thread-Writer] DEBUG tech.yesboss.persistence.db.SingleThreadDbWriter -- Consumer thread started
20:25:00.601 [main] DEBUG tech.yesboss.persistence.db.SingleThreadDbWriter -- Submitted event: InsertTaskSessionEvent
20:25:00.601 [main] DEBUG tech.yesboss.persistence.repository.TaskSessionRepositoryImpl -- Submitted session save event for id=tsk_update_001
20:25:00.601 [SQLite-Single-Thread-Writer] DEBUG tech.yesboss.persistence.db.SingleThreadDbWriter -- Processing event: InsertTaskSessionEvent
20:25:00.601 [SQLite-Single-Thread-Writer] DEBUG tech.yesboss.persistence.db.SingleThreadDbWriter -- Completed event: InsertTaskSessionEvent
20:25:00.712 [main] DEBUG tech.yesboss.persistence.db.SingleThreadDbWriter -- Submitted event: UpdateTaskStatusEvent
20:25:00.712 [SQLite-Single-Thread-Writer] DEBUG tech.yesboss.persistence.db.SingleThreadDbWriter -- Processing event: UpdateTaskStatusEvent
20:25:00.712 [main] DEBUG tech.yesboss.persistence.repository.TaskSessionRepositoryImpl -- Submitted status update event for id=tsk_update_001, status=COMPLETED
20:25:00.713 [SQLite-Single-Thread-Writer] DEBUG tech.yesboss.persistence.db.SingleThreadDbWriter -- Completed event: UpdateTaskStatusEvent
20:25:00.814 [SQLite-Single-Thread-Writer] DEBUG tech.yesboss.persistence.db.SingleThreadDbWriter -- Consumer thread interrupted
20:25:00.814 [SQLite-Single-Thread-Writer] DEBUG tech.yesboss.persistence.db.SingleThreadDbWriter -- Consumer thread terminated
20:25:00.814 [main] INFO tech.yesboss.persistence.db.SingleThreadDbWriter -- Stopped SQLite single-thread consumer
]]></system-out>
  </testcase>
  <testcase name="testTaskSessionSave" classname="tech.yesboss.persistence.repository.RepositoryLayerTest" time="0.116">
    <system-out><![CDATA[20:25:00.819 [main] INFO tech.yesboss.persistence.db.SingleThreadDbWriter -- Started SQLite single-thread consumer daemon
20:25:00.819 [main] DEBUG tech.yesboss.persistence.db.SingleThreadDbWriter -- Submitted event: InsertTaskSessionEvent
20:25:00.819 [main] DEBUG tech.yesboss.persistence.repository.TaskSessionRepositoryImpl -- Submitted session save event for id=tsk_test_001
20:25:00.819 [SQLite-Single-Thread-Writer] DEBUG tech.yesboss.persistence.db.SingleThreadDbWriter -- Consumer thread started
20:25:00.819 [SQLite-Single-Thread-Writer] DEBUG tech.yesboss.persistence.db.SingleThreadDbWriter -- Processing event: InsertTaskSessionEvent
20:25:00.820 [SQLite-Single-Thread-Writer] DEBUG tech.yesboss.persistence.db.SingleThreadDbWriter -- Completed event: InsertTaskSessionEvent
20:25:00.931 [SQLite-Single-Thread-Writer] DEBUG tech.yesboss.persistence.db.SingleThreadDbWriter -- Consumer thread interrupted
20:25:00.931 [SQLite-Single-Thread-Writer] DEBUG tech.yesboss.persistence.db.SingleThreadDbWriter -- Consumer thread terminated
20:25:00.932 [main] INFO tech.yesboss.persistence.db.SingleThreadDbWriter -- Stopped SQLite single-thread consumer
]]></system-out>
  </testcase>
  <testcase name="testToolExecutionFindIntercepted" classname="tech.yesboss.persistence.repository.RepositoryLayerTest" time="0.226">
    <system-out><![CDATA[20:25:00.937 [main] INFO tech.yesboss.persistence.db.SingleThreadDbWriter -- Started SQLite single-thread consumer daemon
20:25:00.937 [main] DEBUG tech.yesboss.persistence.db.SingleThreadDbWriter -- Submitted event: InsertTaskSessionEvent
20:25:00.937 [main] DEBUG tech.yesboss.persistence.repository.TaskSessionRepositoryImpl -- Submitted session save event for id=tsk_block_001
20:25:00.937 [SQLite-Single-Thread-Writer] DEBUG tech.yesboss.persistence.db.SingleThreadDbWriter -- Consumer thread started
20:25:00.937 [SQLite-Single-Thread-Writer] DEBUG tech.yesboss.persistence.db.SingleThreadDbWriter -- Processing event: InsertTaskSessionEvent
20:25:00.937 [SQLite-Single-Thread-Writer] DEBUG tech.yesboss.persistence.db.SingleThreadDbWriter -- Completed event: InsertTaskSessionEvent
20:25:01.047 [main] DEBUG tech.yesboss.persistence.db.SingleThreadDbWriter -- Submitted event: InsertToolExecutionLogEvent
20:25:01.047 [SQLite-Single-Thread-Writer] DEBUG tech.yesboss.persistence.db.SingleThreadDbWriter -- Processing event: InsertToolExecutionLogEvent
20:25:01.048 [main] DEBUG tech.yesboss.persistence.repository.ToolExecutionRepositoryImpl -- Submitted tool log event for session=tsk_block_001, tool=safe_tool
20:25:01.048 [main] DEBUG tech.yesboss.persistence.db.SingleThreadDbWriter -- Submitted event: InsertToolExecutionLogEvent
20:25:01.048 [main] DEBUG tech.yesboss.persistence.repository.ToolExecutionRepositoryImpl -- Submitted tool log event for session=tsk_block_001, tool=danger_tool
20:25:01.048 [main] DEBUG tech.yesboss.persistence.db.SingleThreadDbWriter -- Submitted event: InsertToolExecutionLogEvent
20:25:01.048 [main] DEBUG tech.yesboss.persistence.repository.ToolExecutionRepositoryImpl -- Submitted tool log event for session=tsk_block_001, tool=safe_tool2
20:25:01.048 [SQLite-Single-Thread-Writer] DEBUG tech.yesboss.persistence.db.SingleThreadDbWriter -- Completed event: InsertToolExecutionLogEvent
20:25:01.048 [SQLite-Single-Thread-Writer] DEBUG tech.yesboss.persistence.db.SingleThreadDbWriter -- Processing event: InsertToolExecutionLogEvent
20:25:01.048 [SQLite-Single-Thread-Writer] DEBUG tech.yesboss.persistence.db.SingleThreadDbWriter -- Completed event: InsertToolExecutionLogEvent
20:25:01.048 [SQLite-Single-Thread-Writer] DEBUG tech.yesboss.persistence.db.SingleThreadDbWriter -- Processing event: InsertToolExecutionLogEvent
20:25:01.048 [SQLite-Single-Thread-Writer] DEBUG tech.yesboss.persistence.db.SingleThreadDbWriter -- Completed event: InsertToolExecutionLogEvent
20:25:01.159 [SQLite-Single-Thread-Writer] DEBUG tech.yesboss.persistence.db.SingleThreadDbWriter -- Consumer thread interrupted
20:25:01.159 [SQLite-Single-Thread-Writer] DEBUG tech.yesboss.persistence.db.SingleThreadDbWriter -- Consumer thread terminated
20:25:01.159 [main] INFO tech.yesboss.persistence.db.SingleThreadDbWriter -- Stopped SQLite single-thread consumer
]]></system-out>
  </testcase>
  <testcase name="testTaskSessionFindByImRoute" classname="tech.yesboss.persistence.repository.RepositoryLayerTest" time="0.104">
    <system-out><![CDATA[20:25:01.161 [main] INFO tech.yesboss.persistence.db.SingleThreadDbWriter -- Started SQLite single-thread consumer daemon
20:25:01.161 [main] DEBUG tech.yesboss.persistence.db.SingleThreadDbWriter -- Submitted event: InsertTaskSessionEvent
20:25:01.161 [SQLite-Single-Thread-Writer] DEBUG tech.yesboss.persistence.db.SingleThreadDbWriter -- Consumer thread started
20:25:01.161 [main] DEBUG tech.yesboss.persistence.repository.TaskSessionRepositoryImpl -- Submitted session save event for id=tsk_route_001
20:25:01.161 [SQLite-Single-Thread-Writer] DEBUG tech.yesboss.persistence.db.SingleThreadDbWriter -- Processing event: InsertTaskSessionEvent
20:25:01.161 [SQLite-Single-Thread-Writer] DEBUG tech.yesboss.persistence.db.SingleThreadDbWriter -- Completed event: InsertTaskSessionEvent
20:25:01.262 [SQLite-Single-Thread-Writer] DEBUG tech.yesboss.persistence.db.SingleThreadDbWriter -- Consumer thread interrupted
20:25:01.262 [SQLite-Single-Thread-Writer] DEBUG tech.yesboss.persistence.db.SingleThreadDbWriter -- Consumer thread terminated
20:25:01.263 [main] INFO tech.yesboss.persistence.db.SingleThreadDbWriter -- Stopped SQLite single-thread consumer
]]></system-out>
  </testcase>
  <testcase name="testToolExecutionSaveLog" classname="tech.yesboss.persistence.repository.RepositoryLayerTest" time="0.204">
    <system-out><![CDATA[20:25:01.265 [main] INFO tech.yesboss.persistence.db.SingleThreadDbWriter -- Started SQLite single-thread consumer daemon
20:25:01.265 [SQLite-Single-Thread-Writer] DEBUG tech.yesboss.persistence.db.SingleThreadDbWriter -- Consumer thread started
20:25:01.265 [main] DEBUG tech.yesboss.persistence.db.SingleThreadDbWriter -- Submitted event: InsertTaskSessionEvent
20:25:01.265 [main] DEBUG tech.yesboss.persistence.repository.TaskSessionRepositoryImpl -- Submitted session save event for id=tsk_tool_001
20:25:01.265 [SQLite-Single-Thread-Writer] DEBUG tech.yesboss.persistence.db.SingleThreadDbWriter -- Processing event: InsertTaskSessionEvent
20:25:01.265 [SQLite-Single-Thread-Writer] DEBUG tech.yesboss.persistence.db.SingleThreadDbWriter -- Completed event: InsertTaskSessionEvent
20:25:01.365 [main] DEBUG tech.yesboss.persistence.db.SingleThreadDbWriter -- Submitted event: InsertToolExecutionLogEvent
20:25:01.366 [main] DEBUG tech.yesboss.persistence.repository.ToolExecutionRepositoryImpl -- Submitted tool log event for session=tsk_tool_001, tool=test_tool
20:25:01.366 [SQLite-Single-Thread-Writer] DEBUG tech.yesboss.persistence.db.SingleThreadDbWriter -- Processing event: InsertToolExecutionLogEvent
20:25:01.366 [SQLite-Single-Thread-Writer] DEBUG tech.yesboss.persistence.db.SingleThreadDbWriter -- Completed event: InsertToolExecutionLogEvent
20:25:01.467 [SQLite-Single-Thread-Writer] DEBUG tech.yesboss.persistence.db.SingleThreadDbWriter -- Consumer thread interrupted
20:25:01.467 [SQLite-Single-Thread-Writer] DEBUG tech.yesboss.persistence.db.SingleThreadDbWriter -- Consumer thread terminated
20:25:01.467 [main] INFO tech.yesboss.persistence.db.SingleThreadDbWriter -- Stopped SQLite single-thread consumer
]]></system-out>
  </testcase>
  <testcase name="testChatMessageFetchContextOrdered" classname="tech.yesboss.persistence.repository.RepositoryLayerTest" time="0.217">
    <system-out><![CDATA[20:25:01.472 [main] INFO tech.yesboss.persistence.db.SingleThreadDbWriter -- Started SQLite single-thread consumer daemon
20:25:01.473 [SQLite-Single-Thread-Writer] DEBUG tech.yesboss.persistence.db.SingleThreadDbWriter -- Consumer thread started
20:25:01.473 [main] DEBUG tech.yesboss.persistence.db.SingleThreadDbWriter -- Submitted event: InsertTaskSessionEvent
20:25:01.473 [main] DEBUG tech.yesboss.persistence.repository.TaskSessionRepositoryImpl -- Submitted session save event for id=tsk_order_001
20:25:01.473 [SQLite-Single-Thread-Writer] DEBUG tech.yesboss.persistence.db.SingleThreadDbWriter -- Processing event: InsertTaskSessionEvent
20:25:01.473 [SQLite-Single-Thread-Writer] DEBUG tech.yesboss.persistence.db.SingleThreadDbWriter -- Completed event: InsertTaskSessionEvent
20:25:01.573 [main] DEBUG tech.yesboss.persistence.db.SingleThreadDbWriter -- Submitted event: InsertMessageEvent
20:25:01.573 [SQLite-Single-Thread-Writer] DEBUG tech.yesboss.persistence.db.SingleThreadDbWriter -- Processing event: InsertMessageEvent
20:25:01.573 [main] DEBUG tech.yesboss.persistence.repository.ChatMessageRepositoryImpl -- Submitted message event for session=tsk_order_001, stream=LOCAL, seq=1
20:25:01.573 [main] DEBUG tech.yesboss.persistence.db.SingleThreadDbWriter -- Submitted event: InsertMessageEvent
20:25:01.573 [main] DEBUG tech.yesboss.persistence.repository.ChatMessageRepositoryImpl -- Submitted message event for session=tsk_order_001, stream=LOCAL, seq=2
20:25:01.574 [main] DEBUG tech.yesboss.persistence.db.SingleThreadDbWriter -- Submitted event: InsertMessageEvent
20:25:01.574 [main] DEBUG tech.yesboss.persistence.repository.ChatMessageRepositoryImpl -- Submitted message event for session=tsk_order_001, stream=LOCAL, seq=3
20:25:01.574 [SQLite-Single-Thread-Writer] DEBUG tech.yesboss.persistence.db.SingleThreadDbWriter -- Completed event: InsertMessageEvent
20:25:01.574 [SQLite-Single-Thread-Writer] DEBUG tech.yesboss.persistence.db.SingleThreadDbWriter -- Processing event: InsertMessageEvent
20:25:01.574 [SQLite-Single-Thread-Writer] DEBUG tech.yesboss.persistence.db.SingleThreadDbWriter -- Completed event: InsertMessageEvent
20:25:01.574 [SQLite-Single-Thread-Writer] DEBUG tech.yesboss.persistence.db.SingleThreadDbWriter -- Processing event: InsertMessageEvent
20:25:01.574 [SQLite-Single-Thread-Writer] DEBUG tech.yesboss.persistence.db.SingleThreadDbWriter -- Completed event: InsertMessageEvent
20:25:01.684 [main] DEBUG tech.yesboss.persistence.repository.ChatMessageRepositoryImpl -- Fetching context for session=tsk_order_001, stream=LOCAL
20:25:01.685 [main] DEBUG tech.yesboss.persistence.repository.ChatMessageRepositoryImpl -- Fetched 3 messages for session=tsk_order_001, stream=LOCAL
20:25:01.685 [SQLite-Single-Thread-Writer] DEBUG tech.yesboss.persistence.db.SingleThreadDbWriter -- Consumer thread interrupted
20:25:01.685 [SQLite-Single-Thread-Writer] DEBUG tech.yesboss.persistence.db.SingleThreadDbWriter -- Consumer thread terminated
20:25:01.686 [main] INFO tech.yesboss.persistence.db.SingleThreadDbWriter -- Stopped SQLite single-thread consumer
]]></system-out>
  </testcase>
  <testcase name="testChatMessageGetCurrentSequenceNumber" classname="tech.yesboss.persistence.repository.RepositoryLayerTest" time="0.217">
    <system-out><![CDATA[20:25:01.690 [main] INFO tech.yesboss.persistence.db.SingleThreadDbWriter -- Started SQLite single-thread consumer daemon
20:25:01.691 [SQLite-Single-Thread-Writer] DEBUG tech.yesboss.persistence.db.SingleThreadDbWriter -- Consumer thread started
20:25:01.691 [main] DEBUG tech.yesboss.persistence.db.SingleThreadDbWriter -- Submitted event: InsertTaskSessionEvent
20:25:01.691 [main] DEBUG tech.yesboss.persistence.repository.TaskSessionRepositoryImpl -- Submitted session save event for id=tsk_seq_001
20:25:01.691 [SQLite-Single-Thread-Writer] DEBUG tech.yesboss.persistence.db.SingleThreadDbWriter -- Processing event: InsertTaskSessionEvent
20:25:01.691 [SQLite-Single-Thread-Writer] DEBUG tech.yesboss.persistence.db.SingleThreadDbWriter -- Completed event: InsertTaskSessionEvent
20:25:01.791 [main] DEBUG tech.yesboss.persistence.db.SingleThreadDbWriter -- Submitted event: InsertMessageEvent
20:25:01.791 [main] DEBUG tech.yesboss.persistence.repository.ChatMessageRepositoryImpl -- Submitted message event for session=tsk_seq_001, stream=GLOBAL, seq=1
20:25:01.791 [SQLite-Single-Thread-Writer] DEBUG tech.yesboss.persistence.db.SingleThreadDbWriter -- Processing event: InsertMessageEvent
20:25:01.791 [main] DEBUG tech.yesboss.persistence.db.SingleThreadDbWriter -- Submitted event: InsertMessageEvent
20:25:01.791 [main] DEBUG tech.yesboss.persistence.repository.ChatMessageRepositoryImpl -- Submitted message event for session=tsk_seq_001, stream=GLOBAL, seq=2
20:25:01.791 [main] DEBUG tech.yesboss.persistence.db.SingleThreadDbWriter -- Submitted event: InsertMessageEvent
20:25:01.791 [main] DEBUG tech.yesboss.persistence.repository.ChatMessageRepositoryImpl -- Submitted message event for session=tsk_seq_001, stream=GLOBAL, seq=5
20:25:01.792 [SQLite-Single-Thread-Writer] DEBUG tech.yesboss.persistence.db.SingleThreadDbWriter -- Completed event: InsertMessageEvent
20:25:01.792 [SQLite-Single-Thread-Writer] DEBUG tech.yesboss.persistence.db.SingleThreadDbWriter -- Processing event: InsertMessageEvent
20:25:01.793 [SQLite-Single-Thread-Writer] DEBUG tech.yesboss.persistence.db.SingleThreadDbWriter -- Completed event: InsertMessageEvent
20:25:01.793 [SQLite-Single-Thread-Writer] DEBUG tech.yesboss.persistence.db.SingleThreadDbWriter -- Processing event: InsertMessageEvent
20:25:01.793 [SQLite-Single-Thread-Writer] DEBUG tech.yesboss.persistence.db.SingleThreadDbWriter -- Completed event: InsertMessageEvent
20:25:01.903 [SQLite-Single-Thread-Writer] DEBUG tech.yesboss.persistence.db.SingleThreadDbWriter -- Consumer thread interrupted
20:25:01.903 [SQLite-Single-Thread-Writer] DEBUG tech.yesboss.persistence.db.SingleThreadDbWriter -- Consumer thread terminated
20:25:01.904 [main] INFO tech.yesboss.persistence.db.SingleThreadDbWriter -- Stopped SQLite single-thread consumer
]]></system-out>
  </testcase>
</testsuite>