<?xml version="1.0" encoding="UTF-8"?>
<testsuite xmlns:xsi="http://www.w3.org/2001/XMLSchema-instance" xsi:noNamespaceSchemaLocation="https://maven.apache.org/surefire/maven-surefire-plugin/xsd/surefire-test-report-3.0.xsd" version="3.0" name="tech.yesboss.persistence.repository.RepositoryLayerTest" time="2.302" tests="11" errors="0" skipped="0" failures="0">
  <properties>
[...]
</properties>
  <testcase name="testChatMessageDeleteBySession" classname="tech.yesboss.persistence.repository.RepositoryLayerTest" time="0.496">
    <system-out><![CDATA[20:31:15.788 [SQLite-Single-Thread-Writer] DEBUG tech.yesboss.persistence.db.SingleThreadDbWriter -- Consumer thread started
20:31:15.788 [main] INFO tech.yesboss.persistence.db.SingleThreadDbWriter -- Started SQLite single-thread consumer daemon
20:31:15.792 [SQLite-Single-Thread-Writer] DEBUG tech.yesboss.persistence.db.SingleThreadDbWriter -- Processing event: InsertTaskSessionEvent
20:31:15.792 [main] DEBUG tech.yesboss.persistence.db.SingleThreadDbWriter -- Submitted event: InsertTaskSessionEvent
20:31:15.793 [main] DEBUG tech.yesboss.persistence.repository.TaskSessionRepositoryImpl -- Submitted session save event for id=tsk_del_001
20:31:15.796 [SQLite-Single-Thread-Writer] DEBUG tech.yesboss.persistence.db.SingleThreadDbWriter -- Completed event: InsertTaskSessionEvent
20:31:15.894 [main] DEBUG tech.yesboss.persistence.db.SingleThreadDbWriter -- Submitted event: InsertMessageEvent
20:31:15.894 [SQLite-Single-Thread-Writer] DEBUG tech.yesboss.persistence.db.SingleThreadDbWriter -- Processing event: InsertMessageEvent
20:31:15.894 [main] DEBUG tech.yesboss.persistence.repository.ChatMessageRepositoryImpl -- Submitted message event for session=tsk_del_001, stream=GLOBAL, seq=1
20:31:15.896 [SQLite-Single-Thread-Writer] DEBUG tech.yesboss.persistence.db.SingleThreadDbWriter -- Completed event: InsertMessageEvent
20:31:15.995 [main] DEBUG tech.yesboss.persistence.repository.ChatMessageRepositoryImpl -- Fetching context for session=tsk_del_001, stream=GLOBAL
20:31:15.996 [main] DEBUG tech.yesboss.persistence.repository.ChatMessageRepositoryImpl -- Fetched 1 messages for session=tsk_del_001, stream=GLOBAL
20:31:15.997 [main] DEBUG tech.yesboss.persistence.db.SingleThreadDbWriter -- Submitted event: DeleteMessagesEvent
20:31:15.997 [SQLite-Single-Thread-Writer] DEBUG tech.yesboss.persistence.db.SingleThreadDbWriter -- Processing event: DeleteMessagesEvent
20:31:15.997 [main] DEBUG tech.yesboss.persistence.repository.ChatMessageRepositoryImpl -- Submitted delete messages event for session=tsk_del_001
20:31:15.998 [SQLite-Single-Thread-Writer] DEBUG tech.yesboss.persistence.db.SingleThreadDbWriter -- Completed event: DeleteMessagesEvent
20:31:16.098 [main] DEBUG tech.yesboss.persistence.repository.ChatMessageRepositoryImpl -- Fetching context for session=tsk_del_001, stream=GLOBAL
20:31:16.098 [main] DEBUG tech.yesboss.persistence.repository.ChatMessageRepositoryImpl -- Fetched 0 messages for session=tsk_del_001, stream=GLOBAL
20:31:16.100 [SQLite-Single-Thread-Writer] DEBUG tech.yesboss.persistence.db.SingleThreadDbWriter -- Consumer thread interrupted
20:31:16.100 [SQLite-Single-Thread-Writer] DEBUG tech.yesboss.persistence.db.SingleThreadDbWriter -- Consumer thread terminated
20:31:16.101 [main] INFO tech.yesboss.persistence.db.SingleThreadDbWriter -- Stopped SQLite single-thread consumer
]]></system-out>
  </testcase>
  <testcase name="testChatMessageSave" classname="tech.yesboss.persistence.repository.RepositoryLayerTest" time="0.206">
    <system-out><![CDATA[20:31:16.109 [main] INFO tech.yesboss.persistence.db.SingleThreadDbWriter -- Started SQLite single-thread consumer daemon
20:31:16.109 [SQLite-Single-Thread-Writer] DEBUG tech.yesboss.persistence.db.SingleThreadDbWriter -- Consumer thread started
20:31:16.110 [main] DEBUG tech.yesboss.persistence.db.SingleThreadDbWriter -- Submitted event: InsertTaskSessionEvent
20:31:16.110 [SQLite-Single-Thread-Writer] DEBUG tech.yesboss.persistence.db.SingleThreadDbWriter -- Processing event: InsertTaskSessionEvent
20:31:16.110 [main] DEBUG tech.yesboss.persistence.repository.TaskSessionRepositoryImpl -- Submitted session save event for id=tsk_msg_001
20:31:16.110 [SQLite-Single-Thread-Writer] DEBUG tech.yesboss.persistence.db.SingleThreadDbWriter -- Completed event: InsertTaskSessionEvent
20:31:16.210 [main] DEBUG tech.yesboss.persistence.db.SingleThreadDbWriter -- Submitted event: InsertMessageEvent
20:31:16.210 [main] DEBUG tech.yesboss.persistence.repository.ChatMessageRepositoryImpl -- Submitted message event for session=tsk_msg_001, stream=GLOBAL, seq=1
20:31:16.210 [SQLite-Single-Thread-Writer] DEBUG tech.yesboss.persistence.db.SingleThreadDbWriter -- Processing event: InsertMessageEvent
20:31:16.210 [SQLite-Single-Thread-Writer] DEBUG tech.yesboss.persistence.db.SingleThreadDbWriter -- Completed event: InsertMessageEvent
20:31:16.310 [main] DEBUG tech.yesboss.persistence.repository.ChatMessageRepositoryImpl -- Fetching context for session=tsk_msg_001, stream=GLOBAL
20:31:16.311 [main] DEBUG tech.yesboss.persistence.repository.ChatMessageRepositoryImpl -- Fetched 1 messages for session=tsk_msg_001, stream=GLOBAL
20:31:16.312 [SQLite-Single-Thread-Writer] DEBUG tech.yesboss.persistence.db.SingleThreadDbWriter -- Consumer thread interrupted
20:31:16.312 [SQLite-Single-Thread-Writer] DEBUG tech.yesboss.persistence.db.SingleThreadDbWriter -- Consumer thread terminated
20:31:16.312 [main] INFO tech.yesboss.persistence.db.SingleThreadDbWriter -- Stopped SQLite single-thread consumer
]]></system-out>
  </testcase>
  <testcase name="testTaskSessionFindByParentId" classname="tech.yesboss.persistence.repository.RepositoryLayerTest" time="0.105">
    <system-out><![CDATA[20:31:16.315 [main] INFO tech.yesboss.persistence.db.SingleThreadDbWriter -- Started SQLite single-thread consumer daemon
20:31:16.315 [SQLite-Single-Thread-Writer] DEBUG tech.yesboss.persistence.db.SingleThreadDbWriter -- Consumer thread started
20:31:16.315 [main] DEBUG tech.yesboss.persistence.db.SingleThreadDbWriter -- Submitted event: InsertTaskSessionEvent
20:31:16.315 [SQLite-Single-Thread-Writer] DEBUG tech.yesboss.persistence.db.SingleThreadDbWriter -- Processing event: InsertTaskSessionEvent
20:31:16.315 [main] DEBUG tech.yesboss.persistence.repository.TaskSessionRepositoryImpl -- Submitted session save event for id=tsk_master_001
20:31:16.315 [SQLite-Single-Thread-Writer] DEBUG tech.yesboss.persistence.db.SingleThreadDbWriter -- Completed event: InsertTaskSessionEvent
20:31:16.315 [main] DEBUG tech.yesboss.persistence.db.SingleThreadDbWriter -- Submitted event: InsertTaskSessionEvent
20:31:16.315 [SQLite-Single-Thread-Writer] DEBUG tech.yesboss.persistence.db.SingleThreadDbWriter -- Processing event: InsertTaskSessionEvent
20:31:16.315 [main] DEBUG tech.yesboss.persistence.repository.TaskSessionRepositoryImpl -- Submitted session save event for id=tsk_worker_001
20:31:16.315 [SQLite-Single-Thread-Writer] DEBUG tech.yesboss.persistence.db.SingleThreadDbWriter -- Completed event: InsertTaskSessionEvent
20:31:16.315 [main] DEBUG tech.yesboss.persistence.db.SingleThreadDbWriter -- Submitted event: InsertTaskSessionEvent
20:31:16.315 [SQLite-Single-Thread-Writer] DEBUG tech.yesboss.persistence.db.SingleThreadDbWriter -- Processing event: InsertTaskSessionEvent
20:31:16.316 [main] DEBUG tech.yesboss.persistence.repository.TaskSessionRepositoryImpl -- Submitted session save event for id=tsk_worker_002
20:31:16.316 [SQLite-Single-Thread-Writer] DEBUG tech.yesboss.persistence.db.SingleThreadDbWriter -- Completed event: InsertTaskSessionEvent
20:31:16.418 [SQLite-Single-Thread-Writer] DEBUG tech.yesboss.persistence.db.SingleThreadDbWriter -- Consumer thread interrupted
20:31:16.418 [SQLite-Single-Thread-Writer] DEBUG tech.yesboss.persistence.db.SingleThreadDbWriter -- Consumer thread terminated
20:31:16.418 [main] INFO tech.yesboss.persistence.db.SingleThreadDbWriter -- Stopped SQLite single-thread consumer
]]></system-out>
  </testcase>
  <testcase name="testToolExecutionFindBySessionId" classname="tech.yesboss.persistence.repository.RepositoryLayerTest" time="0.215">
    <system-out><![CDATA[20:31:16.420 [main] INFO tech.yesboss.persistence.db.SingleThreadDbWriter -- Started SQLite single-thread consumer daemon
20:31:16.420 [SQLite-Single-Thread-Writer] DEBUG tech.yesboss.persistence.db.SingleThreadDbWriter -- Consumer thread started
20:31:16.420 [main] DEBUG tech.yesboss.persistence.db.SingleThreadDbWriter -- Submitted event: InsertTaskSessionEvent
20:31:16.420 [SQLite-Single-Thread-Writer] DEBUG tech.yesboss.persistence.db.SingleThreadDbWriter -- Processing event: InsertTaskSessionEvent
20:31:16.420 [main] DEBUG tech.yesboss.persistence.repository.TaskSessionRepositoryImpl -- Submitted session save event for id=tsk_tools_001
20:31:16.421 [SQLite-Single-Thread-Writer] DEBUG tech.yesboss.persistence.db.SingleThreadDbWriter -- Completed event: InsertTaskSessionEvent
20:31:16.521 [main] DEBUG tech.yesboss.persistence.db.SingleThreadDbWriter -- Submitted event: InsertToolExecutionLogEvent
20:31:16.521 [SQLite-Single-Thread-Writer] DEBUG tech.yesboss.persistence.db.SingleThreadDbWriter -- Processing event: InsertToolExecutionLogEvent
20:31:16.521 [main] DEBUG tech.yesboss.persistence.repository.ToolExecutionRepositoryImpl -- Submitted tool log event for session=tsk_tools_001, tool=tool_a
20:31:16.521 [main] DEBUG tech.yesboss.persistence.db.SingleThreadDbWriter -- Submitted event: InsertToolExecutionLogEvent
20:31:16.521 [main] DEBUG tech.yesboss.persistence.repository.ToolExecutionRepositoryImpl -- Submitted tool log event for session=tsk_tools_001, tool=tool_b
20:31:16.521 [main] DEBUG tech.yesboss.persistence.db.SingleThreadDbWriter -- Submitted event: InsertToolExecutionLogEvent
20:31:16.521 [main] DEBUG tech.yesboss.persistence.repository.ToolExecutionRepositoryImpl -- Submitted tool log event for session=tsk_tools_001, tool=tool_c
20:31:16.521 [SQLite-Single-Thread-Writer] DEBUG tech.yesboss.persistence.db.SingleThreadDbWriter -- Completed event: InsertToolExecutionLogEvent
20:31:16.521 [SQLite-Single-Thread-Writer] DEBUG tech.yesboss.persistence.db.SingleThreadDbWriter -- Processing event: InsertToolExecutionLogEvent
20:31:16.522 [SQLite-Single-Thread-Writer] DEBUG tech.yesboss.persistence.db.SingleThreadDbWriter -- Completed event: InsertToolExecutionLogEvent
20:31:16.522 [SQLite-Single-Thread-Writer] DEBUG tech.yesboss.persistence.db.SingleThreadDbWriter -- Processing event: InsertToolExecutionLogEvent
20:31:16.522 [SQLite-Single-Thread-Writer] DEBUG tech.yesboss.persistence.db.SingleThreadDbWriter -- Completed event: InsertToolExecutionLogEvent
20:31:16.634 [SQLite-Single-Thread-Writer] DEBUG tech.yesboss.persistence.db.SingleThreadDbWriter -- Consumer thread interrupted
20:31:16.634 [SQLite-Single-Thread-Writer] DEBUG tech.yesboss.persistence.db.SingleThreadDbWriter -- Consumer thread terminated
20:31:16.634 [main] INFO tech.yesboss.persistence.db.SingleThreadDbWriter -- Stopped SQLite single-thread consumer
]]></system-out>
  </testcase>
  <testcase name="testTaskSessionUpdateStatus" classname="tech.yesboss.persistence.repository.RepositoryLayerTest" time="0.205">
    <system-out><![CDATA[20:31:16.638 [main] INFO tech.yesboss.persistence.db.SingleThreadDbWriter -- Started SQLite single-thread consumer daemon
20:31:16.638 [SQLite-Single-Thread-Writer] DEBUG tech.yesboss.persistence.db.SingleThreadDbWriter -- Consumer thread started
20:31:16.638 [main] DEBUG tech.yesboss.persistence.db.SingleThreadDbWriter -- Submitted event: InsertTaskSessionEvent
20:31:16.638 [main] DEBUG tech.yesboss.persistence.repository.TaskSessionRepositoryImpl -- Submitted session save event for id=tsk_update_001
20:31:16.638 [SQLite-Single-Thread-Writer] DEBUG tech.yesboss.persistence.db.SingleThreadDbWriter -- Processing event: InsertTaskSessionEvent
20:31:16.639 [SQLite-Single-Thread-Writer] DEBUG tech.yesboss.persistence.db.SingleThreadDbWriter -- Completed event: InsertTaskSessionEvent
20:31:16.739 [main] DEBUG tech.yesboss.persistence.db.SingleThreadDbWriter -- Submitted event: UpdateTaskStatusEvent
20:31:16.739 [main] DEBUG tech.yesboss.persistence.repository.TaskSessionRepositoryImpl -- Submitted status update event for id=tsk_update_001, status=COMPLETED
20:31:16.739 [SQLite-Single-Thread-Writer] DEBUG tech.yesboss.persistence.db.SingleThreadDbWriter -- Processing event: UpdateTaskStatusEvent
20:31:16.739 [SQLite-Single-Thread-Writer] DEBUG tech.yesboss.persistence.db.SingleThreadDbWriter -- Completed event: UpdateTaskStatusEvent
20:31:16.840 [SQLite-Single-Thread-Writer] DEBUG tech.yesboss.persistence.db.SingleThreadDbWriter -- Consumer thread interrupted
20:31:16.840 [SQLite-Single-Thread-Writer] DEBUG tech.yesboss.persistence.db.SingleThreadDbWriter -- Consumer thread terminated
20:31:16.840 [main] INFO tech.yesboss.persistence.db.SingleThreadDbWriter -- Stopped SQLite single-thread consumer
]]></system-out>
  </testcase>
  <testcase name="testTaskSessionSave" classname="tech.yesboss.persistence.repository.RepositoryLayerTest" time="0.103">
    <system-out><![CDATA[20:31:16.842 [main] INFO tech.yesboss.persistence.db.SingleThreadDbWriter -- Started SQLite single-thread consumer daemon
20:31:16.842 [SQLite-Single-Thread-Writer] DEBUG tech.yesboss.persistence.db.SingleThreadDbWriter -- Consumer thread started
20:31:16.843 [SQLite-Single-Thread-Writer] DEBUG tech.yesboss.persistence.db.SingleThreadDbWriter -- Processing event: InsertTaskSessionEvent
20:31:16.843 [main] DEBUG tech.yesboss.persistence.db.SingleThreadDbWriter -- Submitted event: InsertTaskSessionEvent
20:31:16.843 [main] DEBUG tech.yesboss.persistence.repository.TaskSessionRepositoryImpl -- Submitted session save event for id=tsk_test_001
20:31:16.843 [SQLite-Single-Thread-Writer] DEBUG tech.yesboss.persistence.db.SingleThreadDbWriter -- Completed event: InsertTaskSessionEvent
20:31:16.944 [SQLite-Single-Thread-Writer] DEBUG tech.yesboss.persistence.db.SingleThreadDbWriter -- Consumer thread interrupted
20:31:16.944 [SQLite-Single-Thread-Writer] DEBUG tech.yesboss.persistence.db.SingleThreadDbWriter -- Consumer thread terminated
20:31:16.944 [main] INFO tech.yesboss.persistence.db.SingleThreadDbWriter -- Stopped SQLite single-thread consumer
]]></system-out>
  </testcase>
  <testcase name="testToolExecutionFindIntercepted" classname="tech.yesboss.persistence.repository.RepositoryLayerTest" time="0.203">
    <system-out><![CDATA[20:31:16.946 [main] INFO tech.yesboss.persistence.db.SingleThreadDbWriter -- Started SQLite single-thread consumer daemon
20:31:16.946 [SQLite-Single-Thread-Writer] DEBUG tech.yesboss.persistence.db.SingleThreadDbWriter -- Consumer thread started
20:31:16.946 [main] DEBUG tech.yesboss.persistence.db.SingleThreadDbWriter -- Submitted event: InsertTaskSessionEvent
20:31:16.946 [SQLite-Single-Thread-Writer] DEBUG tech.yesboss.persistence.db.SingleThreadDbWriter -- Processing event: InsertTaskSessionEvent
20:31:16.947 [main] DEBUG tech.yesboss.persistence.repository.TaskSessionRepositoryImpl -- Submitted session save event for id=tsk_block_001
20:31:16.947 [SQLite-Single-Thread-Writer] DEBUG tech.yesboss.persistence.db.SingleThreadDbWriter -- Completed event: InsertTaskSessionEvent
20:31:17.047 [main] DEBUG tech.yesboss.persistence.db.SingleThreadDbWriter -- Submitted event: InsertToolExecutionLogEvent
20:31:17.047 [main] DEBUG tech.yesboss.persistence.repository.ToolExecutionRepositoryImpl -- Submitted tool log event for session=tsk_block_001, tool=safe_tool
20:31:17.047 [SQLite-Single-Thread-Writer] DEBUG tech.yesboss.persistence.db.SingleThreadDbWriter -- Processing event: InsertToolExecutionLogEvent
20:31:17.047 [main] DEBUG tech.yesboss.persistence.db.SingleThreadDbWriter -- Submitted event: InsertToolExecutionLogEvent
20:31:17.047 [main] DEBUG tech.yesboss.persistence.repository.ToolExecutionRepositoryImpl -- Submitted tool log event for session=tsk_block_001, tool=danger_tool
20:31:17.047 [SQLite-Single-Thread-Writer] DEBUG tech.yesboss.persistence.db.SingleThreadDbWriter -- Completed event: InsertToolExecutionLogEvent
20:31:17.047 [SQLite-Single-Thread-Writer] DEBUG tech.yesboss.persistence.db.SingleThreadDbWriter -- Processing event: InsertToolExecutionLogEvent
20:31:17.047 [main] DEBUG tech.yesboss.persistence.db.SingleThreadDbWriter -- Submitted event: InsertToolExecutionLogEvent
20:31:17.047 [SQLite-Single-Thread-Writer] DEBUG tech.yesboss.persistence.db.SingleThreadDbWriter -- Completed event: InsertToolExecutionLogEvent
20:31:17.047 [main] DEBUG tech.yesboss.persistence.repository.ToolExecutionRepositoryImpl -- Submitted tool log event for session=tsk_block_001, tool=safe_tool2
20:31:17.047 [SQLite-Single-Thread-Writer] DEBUG tech.yesboss.persistence.db.SingleThreadDbWriter -- Processing event: InsertToolExecutionLogEvent
20:31:17.047 [SQLite-Single-Thread-Writer] DEBUG tech.yesboss.persistence.db.SingleThreadDbWriter -- Completed event: InsertToolExecutionLogEvent
20:31:17.148 [SQLite-Single-Thread-Writer] DEBUG tech.yesboss.persistence.db.SingleThreadDbWriter -- Consumer thread interrupted
20:31:17.148 [SQLite-Single-Thread-Writer] DEBUG tech.yesboss.persistence.db.SingleThreadDbWriter -- Consumer thread terminated
20:31:17.148 [main] INFO tech.yesboss.persistence.db.SingleThreadDbWriter -- Stopped SQLite single-thread consumer
]]></system-out>
  </testcase>
  <testcase name="testTaskSessionFindByImRoute" classname="tech.yesboss.persistence.repository.RepositoryLayerTest" time="0.104">
    <system-out><![CDATA[20:31:17.151 [main] INFO tech.yesboss.persistence.db.SingleThreadDbWriter -- Started SQLite single-thread consumer daemon
20:31:17.151 [SQLite-Single-Thread-Writer] DEBUG tech.yesboss.persistence.db.SingleThreadDbWriter -- Consumer thread started
20:31:17.151 [main] DEBUG tech.yesboss.persistence.db.SingleThreadDbWriter -- Submitted event: InsertTaskSessionEvent
20:31:17.152 [SQLite-Single-Thread-Writer] DEBUG tech.yesboss.persistence.db.SingleThreadDbWriter -- Processing event: InsertTaskSessionEvent
20:31:17.152 [main] DEBUG tech.yesboss.persistence.repository.TaskSessionRepositoryImpl -- Submitted session save event for id=tsk_route_001
20:31:17.152 [SQLite-Single-Thread-Writer] DEBUG tech.yesboss.persistence.db.SingleThreadDbWriter -- Completed event: InsertTaskSessionEvent
20:31:17.252 [SQLite-Single-Thread-Writer] DEBUG tech.yesboss.persistence.db.SingleThreadDbWriter -- Consumer thread interrupted
20:31:17.253 [SQLite-Single-Thread-Writer] DEBUG tech.yesboss.persistence.db.SingleThreadDbWriter -- Consumer thread terminated
20:31:17.253 [main] INFO tech.yesboss.persistence.db.SingleThreadDbWriter -- Stopped SQLite single-thread consumer
]]></system-out>
  </testcase>
  <testcase name="testToolExecutionSaveLog" classname="tech.yesboss.persistence.repository.RepositoryLayerTest" time="0.203">
    <system-out><![CDATA[20:31:17.255 [main] INFO tech.yesboss.persistence.db.SingleThreadDbWriter -- Started SQLite single-thread consumer daemon
20:31:17.255 [SQLite-Single-Thread-Writer] DEBUG tech.yesboss.persistence.db.SingleThreadDbWriter -- Consumer thread started
20:31:17.255 [main] DEBUG tech.yesboss.persistence.db.SingleThreadDbWriter -- Submitted event: InsertTaskSessionEvent
20:31:17.255 [main] DEBUG tech.yesboss.persistence.repository.TaskSessionRepositoryImpl -- Submitted session save event for id=tsk_tool_001
20:31:17.255 [SQLite-Single-Thread-Writer] DEBUG tech.yesboss.persistence.db.SingleThreadDbWriter -- Processing event: InsertTaskSessionEvent
20:31:17.256 [SQLite-Single-Thread-Writer] DEBUG tech.yesboss.persistence.db.SingleThreadDbWriter -- Completed event: InsertTaskSessionEvent
20:31:17.356 [main] DEBUG tech.yesboss.persistence.db.SingleThreadDbWriter -- Submitted event: InsertToolExecutionLogEvent
20:31:17.356 [SQLite-Single-Thread-Writer] DEBUG tech.yesboss.persistence.db.SingleThreadDbWriter -- Processing event: InsertToolExecutionLogEvent
20:31:17.356 [main] DEBUG tech.yesboss.persistence.repository.ToolExecutionRepositoryImpl -- Submitted tool log event for session=tsk_tool_001, tool=test_tool
20:31:17.356 [SQLite-Single-Thread-Writer] DEBUG tech.yesboss.persistence.db.SingleThreadDbWriter -- Completed event: InsertToolExecutionLogEvent
20:31:17.457 [SQLite-Single-Thread-Writer] DEBUG tech.yesboss.persistence.db.SingleThreadDbWriter -- Consumer thread interrupted
20:31:17.457 [SQLite-Single-Thread-Writer] DEBUG tech.yesboss.persistence.db.SingleThreadDbWriter -- Consumer thread terminated
20:31:17.457 [main] INFO tech.yesboss.persistence.db.SingleThreadDbWriter -- Stopped SQLite single-thread consumer
]]></system-out>
  </testcase>
  <testcase name="testChatMessageFetchContextOrdered" classname="tech.yesboss.persistence.repository.RepositoryLayerTest" time="0.213">
    <system-out><![CDATA[20:31:17.459 [main] INFO tech.yesboss.persistence.db.SingleThreadDbWriter -- Started SQLite single-thread consumer daemon
20:31:17.459 [SQLite-Single-Thread-Writer] DEBUG tech.yesboss.persistence.db.SingleThreadDbWriter -- Consumer thread started
20:31:17.459 [main] DEBUG tech.yesboss.persistence.db.SingleThreadDbWriter -- Submitted event: InsertTaskSessionEvent
20:31:17.459 [main] DEBUG tech.yesboss.persistence.repository.TaskSessionRepositoryImpl -- Submitted session save event for id=tsk_order_001
20:31:17.459 [SQLite-Single-Thread-Writer] DEBUG tech.yesboss.persistence.db.SingleThreadDbWriter -- Processing event: InsertTaskSessionEvent
20:31:17.460 [SQLite-Single-Thread-Writer] DEBUG tech.yesboss.persistence.db.SingleThreadDbWriter -- Completed event: InsertTaskSessionEvent
20:31:17.560 [main] DEBUG tech.yesboss.persistence.db.SingleThreadDbWriter -- Submitted event: InsertMessageEvent
20:31:17.560 [SQLite-Single-Thread-Writer] DEBUG tech.yesboss.persistence.db.SingleThreadDbWriter -- Processing event: InsertMessageEvent
20:31:17.560 [main] DEBUG tech.yesboss.persistence.repository.ChatMessageRepositoryImpl -- Submitted message event for session=tsk_order_001, stream=LOCAL, seq=1
20:31:17.560 [main] DEBUG tech.yesboss.persistence.db.SingleThreadDbWriter -- Submitted event: InsertMessageEvent
20:31:17.560 [main] DEBUG tech.yesboss.persistence.repository.ChatMessageRepositoryImpl -- Submitted message event for session=tsk_order_001, stream=LOCAL, seq=2
20:31:17.560 [SQLite-Single-Thread-Writer] DEBUG tech.yesboss.persistence.db.SingleThreadDbWriter -- Completed event: InsertMessageEvent
20:31:17.560 [main] DEBUG tech.yesboss.persistence.db.SingleThreadDbWriter -- Submitted event: InsertMessageEvent
20:31:17.560 [SQLite-Single-Thread-Writer] DEBUG tech.yesboss.persistence.db.SingleThreadDbWriter -- Processing event: InsertMessageEvent
20:31:17.560 [main] DEBUG tech.yesboss.persistence.repository.ChatMessageRepositoryImpl -- Submitted message event for session=tsk_order_001, stream=LOCAL, seq=3
20:31:17.560 [SQLite-Single-Thread-Writer] DEBUG tech.yesboss.persistence.db.SingleThreadDbWriter -- Completed event: InsertMessageEvent
20:31:17.560 [SQLite-Single-Thread-Writer] DEBUG tech.yesboss.persistence.db.SingleThreadDbWriter -- Processing event: InsertMessageEvent
20:31:17.560 [SQLite-Single-Thread-Writer] DEBUG tech.yesboss.persistence.db.SingleThreadDbWriter -- Completed event: InsertMessageEvent
20:31:17.670 [main] DEBUG tech.yesboss.persistence.repository.ChatMessageRepositoryImpl -- Fetching context for session=tsk_order_001, stream=LOCAL
20:31:17.671 [main] DEBUG tech.yesboss.persistence.repository.ChatMessageRepositoryImpl -- Fetched 3 messages for session=tsk_order_001, stream=LOCAL
20:31:17.671 [SQLite-Single-Thread-Writer] DEBUG tech.yesboss.persistence.db.SingleThreadDbWriter -- Consumer thread interrupted
20:31:17.671 [SQLite-Single-Thread-Writer] DEBUG tech.yesboss.persistence.db.SingleThreadDbWriter -- Consumer thread terminated
20:31:17.671 [main] INFO tech.yesboss.persistence.db.SingleThreadDbWriter -- Stopped SQLite single-thread consumer
]]></system-out>
  </testcase>
  <testcase name="testChatMessageGetCurrentSequenceNumber" classname="tech.yesboss.persistence.repository.RepositoryLayerTest" time="0.223">
    <system-out><![CDATA[20:31:17.673 [main] INFO tech.yesboss.persistence.db.SingleThreadDbWriter -- Started SQLite single-thread consumer daemon
20:31:17.673 [main] DEBUG tech.yesboss.persistence.db.SingleThreadDbWriter -- Submitted event: InsertTaskSessionEvent
20:31:17.673 [main] DEBUG tech.yesboss.persistence.repository.TaskSessionRepositoryImpl -- Submitted session save event for id=tsk_seq_001
20:31:17.673 [SQLite-Single-Thread-Writer] DEBUG tech.yesboss.persistence.db.SingleThreadDbWriter -- Consumer thread started
20:31:17.673 [SQLite-Single-Thread-Writer] DEBUG tech.yesboss.persistence.db.SingleThreadDbWriter -- Processing event: InsertTaskSessionEvent
20:31:17.674 [SQLite-Single-Thread-Writer] DEBUG tech.yesboss.persistence.db.SingleThreadDbWriter -- Completed event: InsertTaskSessionEvent
20:31:17.784 [main] DEBUG tech.yesboss.persistence.db.SingleThreadDbWriter -- Submitted event: InsertMessageEvent
20:31:17.784 [SQLite-Single-Thread-Writer] DEBUG tech.yesboss.persistence.db.SingleThreadDbWriter -- Processing event: InsertMessageEvent
20:31:17.784 [main] DEBUG tech.yesboss.persistence.repository.ChatMessageRepositoryImpl -- Submitted message event for session=tsk_seq_001, stream=GLOBAL, seq=1
20:31:17.784 [main] DEBUG tech.yesboss.persistence.db.SingleThreadDbWriter -- Submitted event: InsertMessageEvent
20:31:17.784 [main] DEBUG tech.yesboss.persistence.repository.ChatMessageRepositoryImpl -- Submitted message event for session=tsk_seq_001, stream=GLOBAL, seq=2
20:31:17.784 [main] DEBUG tech.yesboss.persistence.db.SingleThreadDbWriter -- Submitted event: InsertMessageEvent
20:31:17.784 [main] DEBUG tech.yesboss.persistence.repository.ChatMessageRepositoryImpl -- Submitted message event for session=tsk_seq_001, stream=GLOBAL, seq=5
20:31:17.784 [SQLite-Single-Thread-Writer] DEBUG tech.yesboss.persistence.db.SingleThreadDbWriter -- Completed event: InsertMessageEvent
20:31:17.784 [SQLite-Single-Thread-Writer] DEBUG tech.yesboss.persistence.db.SingleThreadDbWriter -- Processing event: InsertMessageEvent
20:31:17.784 [SQLite-Single-Thread-Writer] DEBUG tech.yesboss.persistence.db.SingleThreadDbWriter -- Completed event: InsertMessageEvent
20:31:17.784 [SQLite-Single-Thread-Writer] DEBUG tech.yesboss.persistence.db.SingleThreadDbWriter -- Processing event: InsertMessageEvent
20:31:17.784 [SQLite-Single-Thread-Writer] DEBUG tech.yesboss.persistence.db.SingleThreadDbWriter -- Completed event: InsertMessageEvent
20:31:17.895 [SQLite-Single-Thread-Writer] DEBUG tech.yesboss.persistence.db.SingleThreadDbWriter -- Consumer thread interrupted
20:31:17.895 [SQLite-Single-Thread-Writer] DEBUG tech.yesboss.persistence.db.SingleThreadDbWriter -- Consumer thread terminated
20:31:17.895 [main] INFO tech.yesboss.persistence.db.SingleThreadDbWriter -- Stopped SQLite single-thread consumer
]]></system-out>
  </testcase>
</testsuite>