<?xml version="1.0" encoding="UTF-8"?>
<testsuite xmlns:xsi="http://www.w3.org/2001/XMLSchema-instance" xsi:noNamespaceSchemaLocation="https://maven.apache.org/surefire/maven-surefire-plugin/xsd/surefire-test-report-3.0.xsd" version="3.0" name="tech.yesboss.persistence.db.SingleThreadDbWriterTest" time="1.554" tests="9" errors="0" skipped="0" failures="0">
  <properties>
[...]
</properties>
  <testcase name="testStartAndStop" classname="tech.yesboss.persistence.db.SingleThreadDbWriterTest" time="0.2">
    <system-out><![CDATA[20:20:07.661 [SQLite-Single-Thread-Writer] DEBUG tech.yesboss.persistence.db.SingleThreadDbWriter -- Consumer thread started
20:20:07.661 [main] INFO tech.yesboss.persistence.db.SingleThreadDbWriter -- Started SQLite single-thread consumer daemon
20:20:07.666 [SQLite-Single-Thread-Writer] DEBUG tech.yesboss.persistence.db.SingleThreadDbWriter -- Consumer thread interrupted
20:20:07.666 [SQLite-Single-Thread-Writer] DEBUG tech.yesboss.persistence.db.SingleThreadDbWriter -- Consumer thread terminated
20:20:07.666 [main] INFO tech.yesboss.persistence.db.SingleThreadDbWriter -- Stopped SQLite single-thread consumer
]]></system-out>
  </testcase>
  <testcase name="testStartTwiceThrows" classname="tech.yesboss.persistence.db.SingleThreadDbWriterTest" time="0.005">
    <system-out><![CDATA[20:20:07.678 [main] INFO tech.yesboss.persistence.db.SingleThreadDbWriter -- Started SQLite single-thread consumer daemon
20:20:07.678 [SQLite-Single-Thread-Writer] DEBUG tech.yesboss.persistence.db.SingleThreadDbWriter -- Consumer thread started
20:20:07.680 [SQLite-Single-Thread-Writer] DEBUG tech.yesboss.persistence.db.SingleThreadDbWriter -- Consumer thread interrupted
20:20:07.680 [SQLite-Single-Thread-Writer] DEBUG tech.yesboss.persistence.db.SingleThreadDbWriter -- Consumer thread terminated
20:20:07.680 [main] INFO tech.yesboss.persistence.db.SingleThreadDbWriter -- Stopped SQLite single-thread consumer
]]></system-out>
  </testcase>
  <testcase name="testSubmitSingleEvent" classname="tech.yesboss.persistence.db.SingleThreadDbWriterTest" time="0.112">
    <system-out><![CDATA[20:20:07.684 [main] INFO tech.yesboss.persistence.db.SingleThreadDbWriter -- Started SQLite single-thread consumer daemon
20:20:07.684 [SQLite-Single-Thread-Writer] DEBUG tech.yesboss.persistence.db.SingleThreadDbWriter -- Consumer thread started
20:20:07.685 [SQLite-Single-Thread-Writer] DEBUG tech.yesboss.persistence.db.SingleThreadDbWriter -- Processing event: InsertTaskSessionEvent
20:20:07.685 [main] DEBUG tech.yesboss.persistence.db.SingleThreadDbWriter -- Submitted event: InsertTaskSessionEvent
20:20:07.689 [SQLite-Single-Thread-Writer] DEBUG tech.yesboss.persistence.db.SingleThreadDbWriter -- Completed event: InsertTaskSessionEvent
20:20:07.792 [SQLite-Single-Thread-Writer] DEBUG tech.yesboss.persistence.db.SingleThreadDbWriter -- Consumer thread interrupted
20:20:07.792 [SQLite-Single-Thread-Writer] DEBUG tech.yesboss.persistence.db.SingleThreadDbWriter -- Consumer thread terminated
20:20:07.792 [main] INFO tech.yesboss.persistence.db.SingleThreadDbWriter -- Stopped SQLite single-thread consumer
]]></system-out>
  </testcase>
  <testcase name="testSubmitNullThrows" classname="tech.yesboss.persistence.db.SingleThreadDbWriterTest" time="0.007">
    <system-out><![CDATA[20:20:07.800 [main] INFO tech.yesboss.persistence.db.SingleThreadDbWriter -- Started SQLite single-thread consumer daemon
20:20:07.800 [SQLite-Single-Thread-Writer] DEBUG tech.yesboss.persistence.db.SingleThreadDbWriter -- Consumer thread started
20:20:07.801 [SQLite-Single-Thread-Writer] DEBUG tech.yesboss.persistence.db.SingleThreadDbWriter -- Consumer thread interrupted
20:20:07.801 [SQLite-Single-Thread-Writer] DEBUG tech.yesboss.persistence.db.SingleThreadDbWriter -- Consumer thread terminated
20:20:07.801 [main] INFO tech.yesboss.persistence.db.SingleThreadDbWriter -- Stopped SQLite single-thread consumer
]]></system-out>
  </testcase>
  <testcase name="testConcurrentSubmission" classname="tech.yesboss.persistence.db.SingleThreadDbWriterTest" time="0.149">
    <system-out><![CDATA[20:20:07.805 [main] INFO tech.yesboss.persistence.db.SingleThreadDbWriter -- Started SQLite single-thread consumer daemon
20:20:07.805 [SQLite-Single-Thread-Writer] DEBUG tech.yesboss.persistence.db.SingleThreadDbWriter -- Consumer thread started
20:20:07.810 [pool-2-thread-4] DEBUG tech.yesboss.persistence.db.SingleThreadDbWriter -- Submitted event: InsertTaskSessionEvent
20:20:07.810 [pool-2-thread-8] DEBUG tech.yesboss.persistence.db.SingleThreadDbWriter -- Submitted event: InsertTaskSessionEvent
20:20:07.810 [pool-2-thread-7] DEBUG tech.yesboss.persistence.db.SingleThreadDbWriter -- Submitted event: InsertTaskSessionEvent
20:20:07.810 [pool-2-thread-9] DEBUG tech.yesboss.persistence.db.SingleThreadDbWriter -- Submitted event: InsertTaskSessionEvent
20:20:07.810 [pool-2-thread-10] DEBUG tech.yesboss.persistence.db.SingleThreadDbWriter -- Submitted event: InsertTaskSessionEvent
20:20:07.810 [pool-2-thread-1] DEBUG tech.yesboss.persistence.db.SingleThreadDbWriter -- Submitted event: InsertTaskSessionEvent
20:20:07.810 [pool-2-thread-5] DEBUG tech.yesboss.persistence.db.SingleThreadDbWriter -- Submitted event: InsertTaskSessionEvent
20:20:07.810 [pool-2-thread-6] DEBUG tech.yesboss.persistence.db.SingleThreadDbWriter -- Submitted event: InsertTaskSessionEvent
20:20:07.810 [SQLite-Single-Thread-Writer] DEBUG tech.yesboss.persistence.db.SingleThreadDbWriter -- Processing event: InsertTaskSessionEvent
20:20:07.810 [pool-2-thread-4] DEBUG tech.yesboss.persistence.db.SingleThreadDbWriter -- Submitted event: InsertTaskSessionEvent
20:20:07.810 [pool-2-thread-3] DEBUG tech.yesboss.persistence.db.SingleThreadDbWriter -- Submitted event: InsertTaskSessionEvent
20:20:07.810 [pool-2-thread-2] DEBUG tech.yesboss.persistence.db.SingleThreadDbWriter -- Submitted event: InsertTaskSessionEvent
20:20:07.811 [SQLite-Single-Thread-Writer] DEBUG tech.yesboss.persistence.db.SingleThreadDbWriter -- Completed event: InsertTaskSessionEvent
20:20:07.810 [pool-2-thread-8] DEBUG tech.yesboss.persistence.db.SingleThreadDbWriter -- Submitted event: InsertTaskSessionEvent
20:20:07.810 [pool-2-thread-7] DEBUG tech.yesboss.persistence.db.SingleThreadDbWriter -- Submitted event: InsertTaskSessionEvent
20:20:07.811 [pool-2-thread-9] DEBUG tech.yesboss.persistence.db.SingleThreadDbWriter -- Submitted event: InsertTaskSessionEvent
20:20:07.812 [pool-2-thread-7] DEBUG tech.yesboss.persistence.db.SingleThreadDbWriter -- Submitted event: InsertTaskSessionEvent
20:20:07.811 [pool-2-thread-10] DEBUG tech.yesboss.persistence.db.SingleThreadDbWriter -- Submitted event: InsertTaskSessionEvent
20:20:07.812 [pool-2-thread-7] DEBUG tech.yesboss.persistence.db.SingleThreadDbWriter -- Submitted event: InsertTaskSessionEvent
20:20:07.812 [pool-2-thread-10] DEBUG tech.yesboss.persistence.db.SingleThreadDbWriter -- Submitted event: InsertTaskSessionEvent
20:20:07.811 [pool-2-thread-1] DEBUG tech.yesboss.persistence.db.SingleThreadDbWriter -- Submitted event: InsertTaskSessionEvent
20:20:07.811 [pool-2-thread-5] DEBUG tech.yesboss.persistence.db.SingleThreadDbWriter -- Submitted event: InsertTaskSessionEvent
20:20:07.811 [pool-2-thread-6] DEBUG tech.yesboss.persistence.db.SingleThreadDbWriter -- Submitted event: InsertTaskSessionEvent
20:20:07.811 [pool-2-thread-4] DEBUG tech.yesboss.persistence.db.SingleThreadDbWriter -- Submitted event: InsertTaskSessionEvent
20:20:07.812 [pool-2-thread-4] DEBUG tech.yesboss.persistence.db.SingleThreadDbWriter -- Submitted event: InsertTaskSessionEvent
20:20:07.811 [pool-2-thread-3] DEBUG tech.yesboss.persistence.db.SingleThreadDbWriter -- Submitted event: InsertTaskSessionEvent
20:20:07.811 [pool-2-thread-2] DEBUG tech.yesboss.persistence.db.SingleThreadDbWriter -- Submitted event: InsertTaskSessionEvent
20:20:07.811 [SQLite-Single-Thread-Writer] DEBUG tech.yesboss.persistence.db.SingleThreadDbWriter -- Processing event: InsertTaskSessionEvent
20:20:07.812 [pool-2-thread-8] DEBUG tech.yesboss.persistence.db.SingleThreadDbWriter -- Submitted event: InsertTaskSessionEvent
20:20:07.812 [pool-2-thread-9] DEBUG tech.yesboss.persistence.db.SingleThreadDbWriter -- Submitted event: InsertTaskSessionEvent
20:20:07.812 [pool-2-thread-7] DEBUG tech.yesboss.persistence.db.SingleThreadDbWriter -- Submitted event: InsertTaskSessionEvent
20:20:07.812 [pool-2-thread-10] DEBUG tech.yesboss.persistence.db.SingleThreadDbWriter -- Submitted event: InsertTaskSessionEvent
20:20:07.812 [pool-2-thread-1] DEBUG tech.yesboss.persistence.db.SingleThreadDbWriter -- Submitted event: InsertTaskSessionEvent
20:20:07.812 [pool-2-thread-5] DEBUG tech.yesboss.persistence.db.SingleThreadDbWriter -- Submitted event: InsertTaskSessionEvent
20:20:07.812 [pool-2-thread-6] DEBUG tech.yesboss.persistence.db.SingleThreadDbWriter -- Submitted event: InsertTaskSessionEvent
20:20:07.812 [pool-2-thread-4] DEBUG tech.yesboss.persistence.db.SingleThreadDbWriter -- Submitted event: InsertTaskSessionEvent
20:20:07.812 [pool-2-thread-3] DEBUG tech.yesboss.persistence.db.SingleThreadDbWriter -- Submitted event: InsertTaskSessionEvent
20:20:07.812 [pool-2-thread-2] DEBUG tech.yesboss.persistence.db.SingleThreadDbWriter -- Submitted event: InsertTaskSessionEvent
20:20:07.813 [pool-2-thread-8] DEBUG tech.yesboss.persistence.db.SingleThreadDbWriter -- Submitted event: InsertTaskSessionEvent
20:20:07.813 [SQLite-Single-Thread-Writer] DEBUG tech.yesboss.persistence.db.SingleThreadDbWriter -- Completed event: InsertTaskSessionEvent
20:20:07.813 [pool-2-thread-8] DEBUG tech.yesboss.persistence.db.SingleThreadDbWriter -- Submitted event: InsertTaskSessionEvent
20:20:07.813 [SQLite-Single-Thread-Writer] DEBUG tech.yesboss.persistence.db.SingleThreadDbWriter -- Processing event: InsertTaskSessionEvent
20:20:07.813 [pool-2-thread-8] DEBUG tech.yesboss.persistence.db.SingleThreadDbWriter -- Submitted event: InsertTaskSessionEvent
20:20:07.813 [pool-2-thread-9] DEBUG tech.yesboss.persistence.db.SingleThreadDbWriter -- Submitted event: InsertTaskSessionEvent
20:20:07.813 [pool-2-thread-8] DEBUG tech.yesboss.persistence.db.SingleThreadDbWriter -- Submitted event: InsertTaskSessionEvent
20:20:07.813 [pool-2-thread-7] DEBUG tech.yesboss.persistence.db.SingleThreadDbWriter -- Submitted event: InsertTaskSessionEvent
20:20:07.813 [pool-2-thread-10] DEBUG tech.yesboss.persistence.db.SingleThreadDbWriter -- Submitted event: InsertTaskSessionEvent
20:20:07.813 [pool-2-thread-1] DEBUG tech.yesboss.persistence.db.SingleThreadDbWriter -- Submitted event: InsertTaskSessionEvent
20:20:07.814 [pool-2-thread-7] DEBUG tech.yesboss.persistence.db.SingleThreadDbWriter -- Submitted event: InsertTaskSessionEvent
20:20:07.813 [pool-2-thread-5] DEBUG tech.yesboss.persistence.db.SingleThreadDbWriter -- Submitted event: InsertTaskSessionEvent
20:20:07.814 [pool-2-thread-7] DEBUG tech.yesboss.persistence.db.SingleThreadDbWriter -- Submitted event: InsertTaskSessionEvent
20:20:07.814 [pool-2-thread-5] DEBUG tech.yesboss.persistence.db.SingleThreadDbWriter -- Submitted event: InsertTaskSessionEvent
20:20:07.813 [pool-2-thread-6] DEBUG tech.yesboss.persistence.db.SingleThreadDbWriter -- Submitted event: InsertTaskSessionEvent
20:20:07.813 [pool-2-thread-4] DEBUG tech.yesboss.persistence.db.SingleThreadDbWriter -- Submitted event: InsertTaskSessionEvent
20:20:07.814 [pool-2-thread-6] DEBUG tech.yesboss.persistence.db.SingleThreadDbWriter -- Submitted event: InsertTaskSessionEvent
20:20:07.813 [pool-2-thread-3] DEBUG tech.yesboss.persistence.db.SingleThreadDbWriter -- Submitted event: InsertTaskSessionEvent
20:20:07.813 [pool-2-thread-2] DEBUG tech.yesboss.persistence.db.SingleThreadDbWriter -- Submitted event: InsertTaskSessionEvent
20:20:07.814 [pool-2-thread-3] DEBUG tech.yesboss.persistence.db.SingleThreadDbWriter -- Submitted event: InsertTaskSessionEvent
20:20:07.814 [pool-2-thread-2] DEBUG tech.yesboss.persistence.db.SingleThreadDbWriter -- Submitted event: InsertTaskSessionEvent
20:20:07.813 [pool-2-thread-9] DEBUG tech.yesboss.persistence.db.SingleThreadDbWriter -- Submitted event: InsertTaskSessionEvent
20:20:07.814 [pool-2-thread-2] DEBUG tech.yesboss.persistence.db.SingleThreadDbWriter -- Submitted event: InsertTaskSessionEvent
20:20:07.814 [pool-2-thread-9] DEBUG tech.yesboss.persistence.db.SingleThreadDbWriter -- Submitted event: InsertTaskSessionEvent
20:20:07.814 [pool-2-thread-2] DEBUG tech.yesboss.persistence.db.SingleThreadDbWriter -- Submitted event: InsertTaskSessionEvent
20:20:07.814 [pool-2-thread-9] DEBUG tech.yesboss.persistence.db.SingleThreadDbWriter -- Submitted event: InsertTaskSessionEvent
20:20:07.813 [pool-2-thread-8] DEBUG tech.yesboss.persistence.db.SingleThreadDbWriter -- Submitted event: InsertTaskSessionEvent
20:20:07.814 [pool-2-thread-9] DEBUG tech.yesboss.persistence.db.SingleThreadDbWriter -- Submitted event: InsertTaskSessionEvent
20:20:07.813 [SQLite-Single-Thread-Writer] DEBUG tech.yesboss.persistence.db.SingleThreadDbWriter -- Completed event: InsertTaskSessionEvent
20:20:07.814 [pool-2-thread-10] DEBUG tech.yesboss.persistence.db.SingleThreadDbWriter -- Submitted event: InsertTaskSessionEvent
20:20:07.814 [SQLite-Single-Thread-Writer] DEBUG tech.yesboss.persistence.db.SingleThreadDbWriter -- Processing event: InsertTaskSessionEvent
20:20:07.814 [pool-2-thread-1] DEBUG tech.yesboss.persistence.db.SingleThreadDbWriter -- Submitted event: InsertTaskSessionEvent
20:20:07.815 [pool-2-thread-1] DEBUG tech.yesboss.persistence.db.SingleThreadDbWriter -- Submitted event: InsertTaskSessionEvent
20:20:07.815 [pool-2-thread-1] DEBUG tech.yesboss.persistence.db.SingleThreadDbWriter -- Submitted event: InsertTaskSessionEvent
20:20:07.814 [pool-2-thread-7] DEBUG tech.yesboss.persistence.db.SingleThreadDbWriter -- Submitted event: InsertTaskSessionEvent
20:20:07.814 [pool-2-thread-5] DEBUG tech.yesboss.persistence.db.SingleThreadDbWriter -- Submitted event: InsertTaskSessionEvent
20:20:07.814 [pool-2-thread-4] DEBUG tech.yesboss.persistence.db.SingleThreadDbWriter -- Submitted event: InsertTaskSessionEvent
20:20:07.815 [pool-2-thread-5] DEBUG tech.yesboss.persistence.db.SingleThreadDbWriter -- Submitted event: InsertTaskSessionEvent
20:20:07.814 [pool-2-thread-6] DEBUG tech.yesboss.persistence.db.SingleThreadDbWriter -- Submitted event: InsertTaskSessionEvent
20:20:07.815 [pool-2-thread-5] DEBUG tech.yesboss.persistence.db.SingleThreadDbWriter -- Submitted event: InsertTaskSessionEvent
20:20:07.814 [pool-2-thread-3] DEBUG tech.yesboss.persistence.db.SingleThreadDbWriter -- Submitted event: InsertTaskSessionEvent
20:20:07.814 [pool-2-thread-2] DEBUG tech.yesboss.persistence.db.SingleThreadDbWriter -- Submitted event: InsertTaskSessionEvent
20:20:07.814 [pool-2-thread-8] DEBUG tech.yesboss.persistence.db.SingleThreadDbWriter -- Submitted event: InsertTaskSessionEvent
20:20:07.815 [pool-2-thread-2] DEBUG tech.yesboss.persistence.db.SingleThreadDbWriter -- Submitted event: InsertTaskSessionEvent
20:20:07.814 [pool-2-thread-9] DEBUG tech.yesboss.persistence.db.SingleThreadDbWriter -- Submitted event: InsertTaskSessionEvent
20:20:07.815 [pool-2-thread-2] DEBUG tech.yesboss.persistence.db.SingleThreadDbWriter -- Submitted event: InsertTaskSessionEvent
20:20:07.815 [pool-2-thread-10] DEBUG tech.yesboss.persistence.db.SingleThreadDbWriter -- Submitted event: InsertTaskSessionEvent
20:20:07.815 [pool-2-thread-2] DEBUG tech.yesboss.persistence.db.SingleThreadDbWriter -- Submitted event: InsertTaskSessionEvent
20:20:07.815 [SQLite-Single-Thread-Writer] DEBUG tech.yesboss.persistence.db.SingleThreadDbWriter -- Completed event: InsertTaskSessionEvent
20:20:07.815 [pool-2-thread-1] DEBUG tech.yesboss.persistence.db.SingleThreadDbWriter -- Submitted event: InsertTaskSessionEvent
20:20:07.815 [pool-2-thread-1] DEBUG tech.yesboss.persistence.db.SingleThreadDbWriter -- Submitted event: InsertTaskSessionEvent
20:20:07.815 [pool-2-thread-7] DEBUG tech.yesboss.persistence.db.SingleThreadDbWriter -- Submitted event: InsertTaskSessionEvent
20:20:07.815 [pool-2-thread-4] DEBUG tech.yesboss.persistence.db.SingleThreadDbWriter -- Submitted event: InsertTaskSessionEvent
20:20:07.815 [pool-2-thread-6] DEBUG tech.yesboss.persistence.db.SingleThreadDbWriter -- Submitted event: InsertTaskSessionEvent
20:20:07.815 [pool-2-thread-5] DEBUG tech.yesboss.persistence.db.SingleThreadDbWriter -- Submitted event: InsertTaskSessionEvent
20:20:07.815 [pool-2-thread-3] DEBUG tech.yesboss.persistence.db.SingleThreadDbWriter -- Submitted event: InsertTaskSessionEvent
20:20:07.815 [pool-2-thread-8] DEBUG tech.yesboss.persistence.db.SingleThreadDbWriter -- Submitted event: InsertTaskSessionEvent
20:20:07.815 [pool-2-thread-9] DEBUG tech.yesboss.persistence.db.SingleThreadDbWriter -- Submitted event: InsertTaskSessionEvent
20:20:07.816 [pool-2-thread-3] DEBUG tech.yesboss.persistence.db.SingleThreadDbWriter -- Submitted event: InsertTaskSessionEvent
20:20:07.816 [pool-2-thread-9] DEBUG tech.yesboss.persistence.db.SingleThreadDbWriter -- Submitted event: InsertTaskSessionEvent
20:20:07.815 [pool-2-thread-10] DEBUG tech.yesboss.persistence.db.SingleThreadDbWriter -- Submitted event: InsertTaskSessionEvent
20:20:07.815 [pool-2-thread-2] DEBUG tech.yesboss.persistence.db.SingleThreadDbWriter -- Submitted event: InsertTaskSessionEvent
20:20:07.815 [SQLite-Single-Thread-Writer] DEBUG tech.yesboss.persistence.db.SingleThreadDbWriter -- Processing event: InsertTaskSessionEvent
20:20:07.815 [pool-2-thread-1] DEBUG tech.yesboss.persistence.db.SingleThreadDbWriter -- Submitted event: InsertTaskSessionEvent
20:20:07.816 [pool-2-thread-4] DEBUG tech.yesboss.persistence.db.SingleThreadDbWriter -- Submitted event: InsertTaskSessionEvent
20:20:07.816 [pool-2-thread-7] DEBUG tech.yesboss.persistence.db.SingleThreadDbWriter -- Submitted event: InsertTaskSessionEvent
20:20:07.816 [pool-2-thread-6] DEBUG tech.yesboss.persistence.db.SingleThreadDbWriter -- Submitted event: InsertTaskSessionEvent
20:20:07.816 [pool-2-thread-7] DEBUG tech.yesboss.persistence.db.SingleThreadDbWriter -- Submitted event: InsertTaskSessionEvent
20:20:07.816 [pool-2-thread-6] DEBUG tech.yesboss.persistence.db.SingleThreadDbWriter -- Submitted event: InsertTaskSessionEvent
20:20:07.816 [pool-2-thread-7] DEBUG tech.yesboss.persistence.db.SingleThreadDbWriter -- Submitted event: InsertTaskSessionEvent
20:20:07.816 [pool-2-thread-6] DEBUG tech.yesboss.persistence.db.SingleThreadDbWriter -- Submitted event: InsertTaskSessionEvent
20:20:07.816 [pool-2-thread-5] DEBUG tech.yesboss.persistence.db.SingleThreadDbWriter -- Submitted event: InsertTaskSessionEvent
20:20:07.816 [pool-2-thread-8] DEBUG tech.yesboss.persistence.db.SingleThreadDbWriter -- Submitted event: InsertTaskSessionEvent
20:20:07.816 [pool-2-thread-5] DEBUG tech.yesboss.persistence.db.SingleThreadDbWriter -- Submitted event: InsertTaskSessionEvent
20:20:07.816 [pool-2-thread-8] DEBUG tech.yesboss.persistence.db.SingleThreadDbWriter -- Submitted event: InsertTaskSessionEvent
20:20:07.816 [pool-2-thread-3] DEBUG tech.yesboss.persistence.db.SingleThreadDbWriter -- Submitted event: InsertTaskSessionEvent
20:20:07.816 [pool-2-thread-9] DEBUG tech.yesboss.persistence.db.SingleThreadDbWriter -- Submitted event: InsertTaskSessionEvent
20:20:07.816 [pool-2-thread-10] DEBUG tech.yesboss.persistence.db.SingleThreadDbWriter -- Submitted event: InsertTaskSessionEvent
20:20:07.816 [pool-2-thread-2] DEBUG tech.yesboss.persistence.db.SingleThreadDbWriter -- Submitted event: InsertTaskSessionEvent
20:20:07.817 [pool-2-thread-9] DEBUG tech.yesboss.persistence.db.SingleThreadDbWriter -- Submitted event: InsertTaskSessionEvent
20:20:07.816 [pool-2-thread-1] DEBUG tech.yesboss.persistence.db.SingleThreadDbWriter -- Submitted event: InsertTaskSessionEvent
20:20:07.816 [pool-2-thread-4] DEBUG tech.yesboss.persistence.db.SingleThreadDbWriter -- Submitted event: InsertTaskSessionEvent
20:20:07.816 [SQLite-Single-Thread-Writer] DEBUG tech.yesboss.persistence.db.SingleThreadDbWriter -- Completed event: InsertTaskSessionEvent
20:20:07.816 [pool-2-thread-7] DEBUG tech.yesboss.persistence.db.SingleThreadDbWriter -- Submitted event: InsertTaskSessionEvent
20:20:07.816 [pool-2-thread-6] DEBUG tech.yesboss.persistence.db.SingleThreadDbWriter -- Submitted event: InsertTaskSessionEvent
20:20:07.816 [pool-2-thread-5] DEBUG tech.yesboss.persistence.db.SingleThreadDbWriter -- Submitted event: InsertTaskSessionEvent
20:20:07.816 [pool-2-thread-8] DEBUG tech.yesboss.persistence.db.SingleThreadDbWriter -- Submitted event: InsertTaskSessionEvent
20:20:07.817 [pool-2-thread-3] DEBUG tech.yesboss.persistence.db.SingleThreadDbWriter -- Submitted event: InsertTaskSessionEvent
20:20:07.817 [pool-2-thread-10] DEBUG tech.yesboss.persistence.db.SingleThreadDbWriter -- Submitted event: InsertTaskSessionEvent
20:20:07.817 [pool-2-thread-2] DEBUG tech.yesboss.persistence.db.SingleThreadDbWriter -- Submitted event: InsertTaskSessionEvent
20:20:07.817 [pool-2-thread-10] DEBUG tech.yesboss.persistence.db.SingleThreadDbWriter -- Submitted event: InsertTaskSessionEvent
20:20:07.817 [pool-2-thread-2] DEBUG tech.yesboss.persistence.db.SingleThreadDbWriter -- Submitted event: InsertTaskSessionEvent
20:20:07.817 [pool-2-thread-10] DEBUG tech.yesboss.persistence.db.SingleThreadDbWriter -- Submitted event: InsertTaskSessionEvent
20:20:07.817 [pool-2-thread-2] DEBUG tech.yesboss.persistence.db.SingleThreadDbWriter -- Submitted event: InsertTaskSessionEvent
20:20:07.817 [pool-2-thread-9] DEBUG tech.yesboss.persistence.db.SingleThreadDbWriter -- Submitted event: InsertTaskSessionEvent
20:20:07.817 [pool-2-thread-2] DEBUG tech.yesboss.persistence.db.SingleThreadDbWriter -- Submitted event: InsertTaskSessionEvent
20:20:07.817 [pool-2-thread-1] DEBUG tech.yesboss.persistence.db.SingleThreadDbWriter -- Submitted event: InsertTaskSessionEvent
20:20:07.817 [pool-2-thread-4] DEBUG tech.yesboss.persistence.db.SingleThreadDbWriter -- Submitted event: InsertTaskSessionEvent
20:20:07.817 [pool-2-thread-1] DEBUG tech.yesboss.persistence.db.SingleThreadDbWriter -- Submitted event: InsertTaskSessionEvent
20:20:07.817 [SQLite-Single-Thread-Writer] DEBUG tech.yesboss.persistence.db.SingleThreadDbWriter -- Processing event: InsertTaskSessionEvent
20:20:07.817 [pool-2-thread-7] DEBUG tech.yesboss.persistence.db.SingleThreadDbWriter -- Submitted event: InsertTaskSessionEvent
20:20:07.817 [pool-2-thread-6] DEBUG tech.yesboss.persistence.db.SingleThreadDbWriter -- Submitted event: InsertTaskSessionEvent
20:20:07.817 [pool-2-thread-5] DEBUG tech.yesboss.persistence.db.SingleThreadDbWriter -- Submitted event: InsertTaskSessionEvent
20:20:07.817 [pool-2-thread-8] DEBUG tech.yesboss.persistence.db.SingleThreadDbWriter -- Submitted event: InsertTaskSessionEvent
20:20:07.817 [pool-2-thread-3] DEBUG tech.yesboss.persistence.db.SingleThreadDbWriter -- Submitted event: InsertTaskSessionEvent
20:20:07.817 [pool-2-thread-10] DEBUG tech.yesboss.persistence.db.SingleThreadDbWriter -- Submitted event: InsertTaskSessionEvent
20:20:07.817 [pool-2-thread-9] DEBUG tech.yesboss.persistence.db.SingleThreadDbWriter -- Submitted event: InsertTaskSessionEvent
20:20:07.817 [pool-2-thread-2] DEBUG tech.yesboss.persistence.db.SingleThreadDbWriter -- Submitted event: InsertTaskSessionEvent
20:20:07.817 [pool-2-thread-4] DEBUG tech.yesboss.persistence.db.SingleThreadDbWriter -- Submitted event: InsertTaskSessionEvent
20:20:07.817 [pool-2-thread-1] DEBUG tech.yesboss.persistence.db.SingleThreadDbWriter -- Submitted event: InsertTaskSessionEvent
20:20:07.817 [pool-2-thread-7] DEBUG tech.yesboss.persistence.db.SingleThreadDbWriter -- Submitted event: InsertTaskSessionEvent
20:20:07.817 [pool-2-thread-6] DEBUG tech.yesboss.persistence.db.SingleThreadDbWriter -- Submitted event: InsertTaskSessionEvent
20:20:07.817 [SQLite-Single-Thread-Writer] DEBUG tech.yesboss.persistence.db.SingleThreadDbWriter -- Completed event: InsertTaskSessionEvent
20:20:07.817 [pool-2-thread-5] DEBUG tech.yesboss.persistence.db.SingleThreadDbWriter -- Submitted event: InsertTaskSessionEvent
20:20:07.818 [pool-2-thread-8] DEBUG tech.yesboss.persistence.db.SingleThreadDbWriter -- Submitted event: InsertTaskSessionEvent
20:20:07.818 [pool-2-thread-3] DEBUG tech.yesboss.persistence.db.SingleThreadDbWriter -- Submitted event: InsertTaskSessionEvent
20:20:07.818 [pool-2-thread-10] DEBUG tech.yesboss.persistence.db.SingleThreadDbWriter -- Submitted event: InsertTaskSessionEvent
20:20:07.818 [pool-2-thread-3] DEBUG tech.yesboss.persistence.db.SingleThreadDbWriter -- Submitted event: InsertTaskSessionEvent
20:20:07.818 [pool-2-thread-10] DEBUG tech.yesboss.persistence.db.SingleThreadDbWriter -- Submitted event: InsertTaskSessionEvent
20:20:07.818 [pool-2-thread-3] DEBUG tech.yesboss.persistence.db.SingleThreadDbWriter -- Submitted event: InsertTaskSessionEvent
20:20:07.818 [pool-2-thread-9] DEBUG tech.yesboss.persistence.db.SingleThreadDbWriter -- Submitted event: InsertTaskSessionEvent
20:20:07.818 [pool-2-thread-3] DEBUG tech.yesboss.persistence.db.SingleThreadDbWriter -- Submitted event: InsertTaskSessionEvent
20:20:07.818 [pool-2-thread-2] DEBUG tech.yesboss.persistence.db.SingleThreadDbWriter -- Submitted event: InsertTaskSessionEvent
20:20:07.818 [pool-2-thread-4] DEBUG tech.yesboss.persistence.db.SingleThreadDbWriter -- Submitted event: InsertTaskSessionEvent
20:20:07.818 [pool-2-thread-1] DEBUG tech.yesboss.persistence.db.SingleThreadDbWriter -- Submitted event: InsertTaskSessionEvent
20:20:07.818 [pool-2-thread-7] DEBUG tech.yesboss.persistence.db.SingleThreadDbWriter -- Submitted event: InsertTaskSessionEvent
20:20:07.818 [pool-2-thread-6] DEBUG tech.yesboss.persistence.db.SingleThreadDbWriter -- Submitted event: InsertTaskSessionEvent
20:20:07.818 [pool-2-thread-7] DEBUG tech.yesboss.persistence.db.SingleThreadDbWriter -- Submitted event: InsertTaskSessionEvent
20:20:07.818 [pool-2-thread-6] DEBUG tech.yesboss.persistence.db.SingleThreadDbWriter -- Submitted event: InsertTaskSessionEvent
20:20:07.818 [pool-2-thread-7] DEBUG tech.yesboss.persistence.db.SingleThreadDbWriter -- Submitted event: InsertTaskSessionEvent
20:20:07.818 [pool-2-thread-6] DEBUG tech.yesboss.persistence.db.SingleThreadDbWriter -- Submitted event: InsertTaskSessionEvent
20:20:07.818 [pool-2-thread-7] DEBUG tech.yesboss.persistence.db.SingleThreadDbWriter -- Submitted event: InsertTaskSessionEvent
20:20:07.818 [pool-2-thread-6] DEBUG tech.yesboss.persistence.db.SingleThreadDbWriter -- Submitted event: InsertTaskSessionEvent
20:20:07.818 [SQLite-Single-Thread-Writer] DEBUG tech.yesboss.persistence.db.SingleThreadDbWriter -- Processing event: InsertTaskSessionEvent
20:20:07.818 [pool-2-thread-5] DEBUG tech.yesboss.persistence.db.SingleThreadDbWriter -- Submitted event: InsertTaskSessionEvent
20:20:07.818 [pool-2-thread-8] DEBUG tech.yesboss.persistence.db.SingleThreadDbWriter -- Submitted event: InsertTaskSessionEvent
20:20:07.818 [pool-2-thread-10] DEBUG tech.yesboss.persistence.db.SingleThreadDbWriter -- Submitted event: InsertTaskSessionEvent
20:20:07.818 [pool-2-thread-9] DEBUG tech.yesboss.persistence.db.SingleThreadDbWriter -- Submitted event: InsertTaskSessionEvent
20:20:07.818 [pool-2-thread-3] DEBUG tech.yesboss.persistence.db.SingleThreadDbWriter -- Submitted event: InsertTaskSessionEvent
20:20:07.818 [pool-2-thread-2] DEBUG tech.yesboss.persistence.db.SingleThreadDbWriter -- Submitted event: InsertTaskSessionEvent
20:20:07.819 [pool-2-thread-8] DEBUG tech.yesboss.persistence.db.SingleThreadDbWriter -- Submitted event: InsertTaskSessionEvent
20:20:07.818 [pool-2-thread-4] DEBUG tech.yesboss.persistence.db.SingleThreadDbWriter -- Submitted event: InsertTaskSessionEvent
20:20:07.818 [pool-2-thread-1] DEBUG tech.yesboss.persistence.db.SingleThreadDbWriter -- Submitted event: InsertTaskSessionEvent
20:20:07.818 [pool-2-thread-6] DEBUG tech.yesboss.persistence.db.SingleThreadDbWriter -- Submitted event: InsertTaskSessionEvent
20:20:07.819 [pool-2-thread-1] DEBUG tech.yesboss.persistence.db.SingleThreadDbWriter -- Submitted event: InsertTaskSessionEvent
20:20:07.819 [pool-2-thread-6] DEBUG tech.yesboss.persistence.db.SingleThreadDbWriter -- Submitted event: InsertTaskSessionEvent
20:20:07.819 [pool-2-thread-1] DEBUG tech.yesboss.persistence.db.SingleThreadDbWriter -- Submitted event: InsertTaskSessionEvent
20:20:07.819 [pool-2-thread-6] DEBUG tech.yesboss.persistence.db.SingleThreadDbWriter -- Submitted event: InsertTaskSessionEvent
20:20:07.818 [pool-2-thread-5] DEBUG tech.yesboss.persistence.db.SingleThreadDbWriter -- Submitted event: InsertTaskSessionEvent
20:20:07.819 [pool-2-thread-10] DEBUG tech.yesboss.persistence.db.SingleThreadDbWriter -- Submitted event: InsertTaskSessionEvent
20:20:07.819 [pool-2-thread-3] DEBUG tech.yesboss.persistence.db.SingleThreadDbWriter -- Submitted event: InsertTaskSessionEvent
20:20:07.819 [pool-2-thread-10] DEBUG tech.yesboss.persistence.db.SingleThreadDbWriter -- Submitted event: InsertTaskSessionEvent
20:20:07.819 [pool-2-thread-3] DEBUG tech.yesboss.persistence.db.SingleThreadDbWriter -- Submitted event: InsertTaskSessionEvent
20:20:07.819 [pool-2-thread-10] DEBUG tech.yesboss.persistence.db.SingleThreadDbWriter -- Submitted event: InsertTaskSessionEvent
20:20:07.819 [SQLite-Single-Thread-Writer] DEBUG tech.yesboss.persistence.db.SingleThreadDbWriter -- Completed event: InsertTaskSessionEvent
20:20:07.819 [pool-2-thread-9] DEBUG tech.yesboss.persistence.db.SingleThreadDbWriter -- Submitted event: InsertTaskSessionEvent
20:20:07.819 [pool-2-thread-8] DEBUG tech.yesboss.persistence.db.SingleThreadDbWriter -- Submitted event: InsertTaskSessionEvent
20:20:07.819 [pool-2-thread-4] DEBUG tech.yesboss.persistence.db.SingleThreadDbWriter -- Submitted event: InsertTaskSessionEvent
20:20:07.819 [pool-2-thread-8] DEBUG tech.yesboss.persistence.db.SingleThreadDbWriter -- Submitted event: InsertTaskSessionEvent
20:20:07.819 [pool-2-thread-1] DEBUG tech.yesboss.persistence.db.SingleThreadDbWriter -- Submitted event: InsertTaskSessionEvent
20:20:07.819 [pool-2-thread-5] DEBUG tech.yesboss.persistence.db.SingleThreadDbWriter -- Submitted event: InsertTaskSessionEvent
20:20:07.819 [pool-2-thread-3] DEBUG tech.yesboss.persistence.db.SingleThreadDbWriter -- Submitted event: InsertTaskSessionEvent
20:20:07.819 [pool-2-thread-10] DEBUG tech.yesboss.persistence.db.SingleThreadDbWriter -- Submitted event: InsertTaskSessionEvent
20:20:07.819 [SQLite-Single-Thread-Writer] DEBUG tech.yesboss.persistence.db.SingleThreadDbWriter -- Processing event: InsertTaskSessionEvent
20:20:07.819 [pool-2-thread-9] DEBUG tech.yesboss.persistence.db.SingleThreadDbWriter -- Submitted event: InsertTaskSessionEvent
20:20:07.819 [pool-2-thread-4] DEBUG tech.yesboss.persistence.db.SingleThreadDbWriter -- Submitted event: InsertTaskSessionEvent
20:20:07.819 [pool-2-thread-8] DEBUG tech.yesboss.persistence.db.SingleThreadDbWriter -- Submitted event: InsertTaskSessionEvent
20:20:07.819 [pool-2-thread-1] DEBUG tech.yesboss.persistence.db.SingleThreadDbWriter -- Submitted event: InsertTaskSessionEvent
20:20:07.819 [SQLite-Single-Thread-Writer] DEBUG tech.yesboss.persistence.db.SingleThreadDbWriter -- Completed event: InsertTaskSessionEvent
20:20:07.819 [pool-2-thread-5] DEBUG tech.yesboss.persistence.db.SingleThreadDbWriter -- Submitted event: InsertTaskSessionEvent
20:20:07.819 [pool-2-thread-3] DEBUG tech.yesboss.persistence.db.SingleThreadDbWriter -- Submitted event: InsertTaskSessionEvent
20:20:07.819 [pool-2-thread-5] DEBUG tech.yesboss.persistence.db.SingleThreadDbWriter -- Submitted event: InsertTaskSessionEvent
20:20:07.819 [pool-2-thread-9] DEBUG tech.yesboss.persistence.db.SingleThreadDbWriter -- Submitted event: InsertTaskSessionEvent
20:20:07.819 [pool-2-thread-4] DEBUG tech.yesboss.persistence.db.SingleThreadDbWriter -- Submitted event: InsertTaskSessionEvent
20:20:07.820 [pool-2-thread-5] DEBUG tech.yesboss.persistence.db.SingleThreadDbWriter -- Submitted event: InsertTaskSessionEvent
20:20:07.819 [SQLite-Single-Thread-Writer] DEBUG tech.yesboss.persistence.db.SingleThreadDbWriter -- Processing event: InsertTaskSessionEvent
20:20:07.820 [pool-2-thread-4] DEBUG tech.yesboss.persistence.db.SingleThreadDbWriter -- Submitted event: InsertTaskSessionEvent
20:20:07.820 [pool-2-thread-4] DEBUG tech.yesboss.persistence.db.SingleThreadDbWriter -- Submitted event: InsertTaskSessionEvent
20:20:07.820 [pool-2-thread-4] DEBUG tech.yesboss.persistence.db.SingleThreadDbWriter -- Submitted event: InsertTaskSessionEvent
20:20:07.820 [SQLite-Single-Thread-Writer] DEBUG tech.yesboss.persistence.db.SingleThreadDbWriter -- Completed event: InsertTaskSessionEvent
20:20:07.820 [SQLite-Single-Thread-Writer] DEBUG tech.yesboss.persistence.db.SingleThreadDbWriter -- Processing event: InsertTaskSessionEvent
20:20:07.820 [SQLite-Single-Thread-Writer] DEBUG tech.yesboss.persistence.db.SingleThreadDbWriter -- Completed event: InsertTaskSessionEvent
20:20:07.820 [SQLite-Single-Thread-Writer] DEBUG tech.yesboss.persistence.db.SingleThreadDbWriter -- Processing event: InsertTaskSessionEvent
20:20:07.820 [SQLite-Single-Thread-Writer] DEBUG tech.yesboss.persistence.db.SingleThreadDbWriter -- Completed event: InsertTaskSessionEvent
20:20:07.820 [SQLite-Single-Thread-Writer] DEBUG tech.yesboss.persistence.db.SingleThreadDbWriter -- Processing event: InsertTaskSessionEvent
20:20:07.820 [SQLite-Single-Thread-Writer] DEBUG tech.yesboss.persistence.db.SingleThreadDbWriter -- Completed event: InsertTaskSessionEvent
20:20:07.820 [SQLite-Single-Thread-Writer] DEBUG tech.yesboss.persistence.db.SingleThreadDbWriter -- Processing event: InsertTaskSessionEvent
20:20:07.820 [SQLite-Single-Thread-Writer] DEBUG tech.yesboss.persistence.db.SingleThreadDbWriter -- Completed event: InsertTaskSessionEvent
20:20:07.820 [SQLite-Single-Thread-Writer] DEBUG tech.yesboss.persistence.db.SingleThreadDbWriter -- Processing event: InsertTaskSessionEvent
20:20:07.820 [SQLite-Single-Thread-Writer] DEBUG tech.yesboss.persistence.db.SingleThreadDbWriter -- Completed event: InsertTaskSessionEvent
20:20:07.821 [SQLite-Single-Thread-Writer] DEBUG tech.yesboss.persistence.db.SingleThreadDbWriter -- Processing event: InsertTaskSessionEvent
20:20:07.821 [SQLite-Single-Thread-Writer] DEBUG tech.yesboss.persistence.db.SingleThreadDbWriter -- Completed event: InsertTaskSessionEvent
20:20:07.821 [SQLite-Single-Thread-Writer] DEBUG tech.yesboss.persistence.db.SingleThreadDbWriter -- Processing event: InsertTaskSessionEvent
20:20:07.821 [SQLite-Single-Thread-Writer] DEBUG tech.yesboss.persistence.db.SingleThreadDbWriter -- Completed event: InsertTaskSessionEvent
20:20:07.821 [SQLite-Single-Thread-Writer] DEBUG tech.yesboss.persistence.db.SingleThreadDbWriter -- Processing event: InsertTaskSessionEvent
20:20:07.821 [SQLite-Single-Thread-Writer] DEBUG tech.yesboss.persistence.db.SingleThreadDbWriter -- Completed event: InsertTaskSessionEvent
20:20:07.821 [SQLite-Single-Thread-Writer] DEBUG tech.yesboss.persistence.db.SingleThreadDbWriter -- Processing event: InsertTaskSessionEvent
20:20:07.821 [SQLite-Single-Thread-Writer] DEBUG tech.yesboss.persistence.db.SingleThreadDbWriter -- Completed event: InsertTaskSessionEvent
20:20:07.821 [SQLite-Single-Thread-Writer] DEBUG tech.yesboss.persistence.db.SingleThreadDbWriter -- Processing event: InsertTaskSessionEvent
20:20:07.821 [SQLite-Single-Thread-Writer] DEBUG tech.yesboss.persistence.db.SingleThreadDbWriter -- Completed event: InsertTaskSessionEvent
20:20:07.821 [SQLite-Single-Thread-Writer] DEBUG tech.yesboss.persistence.db.SingleThreadDbWriter -- Processing event: InsertTaskSessionEvent
20:20:07.821 [SQLite-Single-Thread-Writer] DEBUG tech.yesboss.persistence.db.SingleThreadDbWriter -- Completed event: InsertTaskSessionEvent
20:20:07.821 [SQLite-Single-Thread-Writer] DEBUG tech.yesboss.persistence.db.SingleThreadDbWriter -- Processing event: InsertTaskSessionEvent
20:20:07.822 [SQLite-Single-Thread-Writer] DEBUG tech.yesboss.persistence.db.SingleThreadDbWriter -- Completed event: InsertTaskSessionEvent
20:20:07.822 [SQLite-Single-Thread-Writer] DEBUG tech.yesboss.persistence.db.SingleThreadDbWriter -- Processing event: InsertTaskSessionEvent
20:20:07.822 [SQLite-Single-Thread-Writer] DEBUG tech.yesboss.persistence.db.SingleThreadDbWriter -- Completed event: InsertTaskSessionEvent
20:20:07.822 [SQLite-Single-Thread-Writer] DEBUG tech.yesboss.persistence.db.SingleThreadDbWriter -- Processing event: InsertTaskSessionEvent
20:20:07.822 [SQLite-Single-Thread-Writer] DEBUG tech.yesboss.persistence.db.SingleThreadDbWriter -- Completed event: InsertTaskSessionEvent
20:20:07.822 [SQLite-Single-Thread-Writer] DEBUG tech.yesboss.persistence.db.SingleThreadDbWriter -- Processing event: InsertTaskSessionEvent
20:20:07.822 [SQLite-Single-Thread-Writer] DEBUG tech.yesboss.persistence.db.SingleThreadDbWriter -- Completed event: InsertTaskSessionEvent
20:20:07.822 [SQLite-Single-Thread-Writer] DEBUG tech.yesboss.persistence.db.SingleThreadDbWriter -- Processing event: InsertTaskSessionEvent
20:20:07.822 [SQLite-Single-Thread-Writer] DEBUG tech.yesboss.persistence.db.SingleThreadDbWriter -- Completed event: InsertTaskSessionEvent
20:20:07.822 [SQLite-Single-Thread-Writer] DEBUG tech.yesboss.persistence.db.SingleThreadDbWriter -- Processing event: InsertTaskSessionEvent
20:20:07.822 [SQLite-Single-Thread-Writer] DEBUG tech.yesboss.persistence.db.SingleThreadDbWriter -- Completed event: InsertTaskSessionEvent
20:20:07.822 [SQLite-Single-Thread-Writer] DEBUG tech.yesboss.persistence.db.SingleThreadDbWriter -- Processing event: InsertTaskSessionEvent
20:20:07.822 [SQLite-Single-Thread-Writer] DEBUG tech.yesboss.persistence.db.SingleThreadDbWriter -- Completed event: InsertTaskSessionEvent
20:20:07.823 [SQLite-Single-Thread-Writer] DEBUG tech.yesboss.persistence.db.SingleThreadDbWriter -- Processing event: InsertTaskSessionEvent
20:20:07.823 [SQLite-Single-Thread-Writer] DEBUG tech.yesboss.persistence.db.SingleThreadDbWriter -- Completed event: InsertTaskSessionEvent
20:20:07.823 [SQLite-Single-Thread-Writer] DEBUG tech.yesboss.persistence.db.SingleThreadDbWriter -- Processing event: InsertTaskSessionEvent
20:20:07.823 [SQLite-Single-Thread-Writer] DEBUG tech.yesboss.persistence.db.SingleThreadDbWriter -- Completed event: InsertTaskSessionEvent
20:20:07.823 [SQLite-Single-Thread-Writer] DEBUG tech.yesboss.persistence.db.SingleThreadDbWriter -- Processing event: InsertTaskSessionEvent
20:20:07.823 [SQLite-Single-Thread-Writer] DEBUG tech.yesboss.persistence.db.SingleThreadDbWriter -- Completed event: InsertTaskSessionEvent
20:20:07.823 [SQLite-Single-Thread-Writer] DEBUG tech.yesboss.persistence.db.SingleThreadDbWriter -- Processing event: InsertTaskSessionEvent
20:20:07.823 [SQLite-Single-Thread-Writer] DEBUG tech.yesboss.persistence.db.SingleThreadDbWriter -- Completed event: InsertTaskSessionEvent
20:20:07.823 [SQLite-Single-Thread-Writer] DEBUG tech.yesboss.persistence.db.SingleThreadDbWriter -- Processing event: InsertTaskSessionEvent
20:20:07.823 [SQLite-Single-Thread-Writer] DEBUG tech.yesboss.persistence.db.SingleThreadDbWriter -- Completed event: InsertTaskSessionEvent
20:20:07.823 [SQLite-Single-Thread-Writer] DEBUG tech.yesboss.persistence.db.SingleThreadDbWriter -- Processing event: InsertTaskSessionEvent
20:20:07.823 [SQLite-Single-Thread-Writer] DEBUG tech.yesboss.persistence.db.SingleThreadDbWriter -- Completed event: InsertTaskSessionEvent
20:20:07.823 [SQLite-Single-Thread-Writer] DEBUG tech.yesboss.persistence.db.SingleThreadDbWriter -- Processing event: InsertTaskSessionEvent
20:20:07.824 [SQLite-Single-Thread-Writer] DEBUG tech.yesboss.persistence.db.SingleThreadDbWriter -- Completed event: InsertTaskSessionEvent
20:20:07.824 [SQLite-Single-Thread-Writer] DEBUG tech.yesboss.persistence.db.SingleThreadDbWriter -- Processing event: InsertTaskSessionEvent
20:20:07.824 [SQLite-Single-Thread-Writer] DEBUG tech.yesboss.persistence.db.SingleThreadDbWriter -- Completed event: InsertTaskSessionEvent
20:20:07.824 [SQLite-Single-Thread-Writer] DEBUG tech.yesboss.persistence.db.SingleThreadDbWriter -- Processing event: InsertTaskSessionEvent
20:20:07.824 [SQLite-Single-Thread-Writer] DEBUG tech.yesboss.persistence.db.SingleThreadDbWriter -- Completed event: InsertTaskSessionEvent
20:20:07.824 [SQLite-Single-Thread-Writer] DEBUG tech.yesboss.persistence.db.SingleThreadDbWriter -- Processing event: InsertTaskSessionEvent
20:20:07.824 [SQLite-Single-Thread-Writer] DEBUG tech.yesboss.persistence.db.SingleThreadDbWriter -- Completed event: InsertTaskSessionEvent
20:20:07.824 [SQLite-Single-Thread-Writer] DEBUG tech.yesboss.persistence.db.SingleThreadDbWriter -- Processing event: InsertTaskSessionEvent
20:20:07.824 [SQLite-Single-Thread-Writer] DEBUG tech.yesboss.persistence.db.SingleThreadDbWriter -- Completed event: InsertTaskSessionEvent
20:20:07.824 [SQLite-Single-Thread-Writer] DEBUG tech.yesboss.persistence.db.SingleThreadDbWriter -- Processing event: InsertTaskSessionEvent
20:20:07.824 [SQLite-Single-Thread-Writer] DEBUG tech.yesboss.persistence.db.SingleThreadDbWriter -- Completed event: InsertTaskSessionEvent
20:20:07.824 [SQLite-Single-Thread-Writer] DEBUG tech.yesboss.persistence.db.SingleThreadDbWriter -- Processing event: InsertTaskSessionEvent
20:20:07.824 [SQLite-Single-Thread-Writer] DEBUG tech.yesboss.persistence.db.SingleThreadDbWriter -- Completed event: InsertTaskSessionEvent
20:20:07.824 [SQLite-Single-Thread-Writer] DEBUG tech.yesboss.persistence.db.SingleThreadDbWriter -- Processing event: InsertTaskSessionEvent
20:20:07.824 [SQLite-Single-Thread-Writer] DEBUG tech.yesboss.persistence.db.SingleThreadDbWriter -- Completed event: InsertTaskSessionEvent
20:20:07.824 [SQLite-Single-Thread-Writer] DEBUG tech.yesboss.persistence.db.SingleThreadDbWriter -- Processing event: InsertTaskSessionEvent
20:20:07.825 [SQLite-Single-Thread-Writer] DEBUG tech.yesboss.persistence.db.SingleThreadDbWriter -- Completed event: InsertTaskSessionEvent
20:20:07.825 [SQLite-Single-Thread-Writer] DEBUG tech.yesboss.persistence.db.SingleThreadDbWriter -- Processing event: InsertTaskSessionEvent
20:20:07.825 [SQLite-Single-Thread-Writer] DEBUG tech.yesboss.persistence.db.SingleThreadDbWriter -- Completed event: InsertTaskSessionEvent
20:20:07.825 [SQLite-Single-Thread-Writer] DEBUG tech.yesboss.persistence.db.SingleThreadDbWriter -- Processing event: InsertTaskSessionEvent
20:20:07.825 [SQLite-Single-Thread-Writer] DEBUG tech.yesboss.persistence.db.SingleThreadDbWriter -- Completed event: InsertTaskSessionEvent
20:20:07.825 [SQLite-Single-Thread-Writer] DEBUG tech.yesboss.persistence.db.SingleThreadDbWriter -- Processing event: InsertTaskSessionEvent
20:20:07.825 [SQLite-Single-Thread-Writer] DEBUG tech.yesboss.persistence.db.SingleThreadDbWriter -- Completed event: InsertTaskSessionEvent
20:20:07.825 [SQLite-Single-Thread-Writer] DEBUG tech.yesboss.persistence.db.SingleThreadDbWriter -- Processing event: InsertTaskSessionEvent
20:20:07.825 [SQLite-Single-Thread-Writer] DEBUG tech.yesboss.persistence.db.SingleThreadDbWriter -- Completed event: InsertTaskSessionEvent
20:20:07.825 [SQLite-Single-Thread-Writer] DEBUG tech.yesboss.persistence.db.SingleThreadDbWriter -- Processing event: InsertTaskSessionEvent
20:20:07.825 [SQLite-Single-Thread-Writer] DEBUG tech.yesboss.persistence.db.SingleThreadDbWriter -- Completed event: InsertTaskSessionEvent
20:20:07.825 [SQLite-Single-Thread-Writer] DEBUG tech.yesboss.persistence.db.SingleThreadDbWriter -- Processing event: InsertTaskSessionEvent
20:20:07.825 [SQLite-Single-Thread-Writer] DEBUG tech.yesboss.persistence.db.SingleThreadDbWriter -- Completed event: InsertTaskSessionEvent
20:20:07.825 [SQLite-Single-Thread-Writer] DEBUG tech.yesboss.persistence.db.SingleThreadDbWriter -- Processing event: InsertTaskSessionEvent
20:20:07.825 [SQLite-Single-Thread-Writer] DEBUG tech.yesboss.persistence.db.SingleThreadDbWriter -- Completed event: InsertTaskSessionEvent
20:20:07.825 [SQLite-Single-Thread-Writer] DEBUG tech.yesboss.persistence.db.SingleThreadDbWriter -- Processing event: InsertTaskSessionEvent
20:20:07.825 [SQLite-Single-Thread-Writer] DEBUG tech.yesboss.persistence.db.SingleThreadDbWriter -- Completed event: InsertTaskSessionEvent
20:20:07.825 [SQLite-Single-Thread-Writer] DEBUG tech.yesboss.persistence.db.SingleThreadDbWriter -- Processing event: InsertTaskSessionEvent
20:20:07.825 [SQLite-Single-Thread-Writer] DEBUG tech.yesboss.persistence.db.SingleThreadDbWriter -- Completed event: InsertTaskSessionEvent
20:20:07.826 [SQLite-Single-Thread-Writer] DEBUG tech.yesboss.persistence.db.SingleThreadDbWriter -- Processing event: InsertTaskSessionEvent
20:20:07.826 [SQLite-Single-Thread-Writer] DEBUG tech.yesboss.persistence.db.SingleThreadDbWriter -- Completed event: InsertTaskSessionEvent
20:20:07.826 [SQLite-Single-Thread-Writer] DEBUG tech.yesboss.persistence.db.SingleThreadDbWriter -- Processing event: InsertTaskSessionEvent
20:20:07.826 [SQLite-Single-Thread-Writer] DEBUG tech.yesboss.persistence.db.SingleThreadDbWriter -- Completed event: InsertTaskSessionEvent
20:20:07.826 [SQLite-Single-Thread-Writer] DEBUG tech.yesboss.persistence.db.SingleThreadDbWriter -- Processing event: InsertTaskSessionEvent
20:20:07.826 [SQLite-Single-Thread-Writer] DEBUG tech.yesboss.persistence.db.SingleThreadDbWriter -- Completed event: InsertTaskSessionEvent
20:20:07.826 [SQLite-Single-Thread-Writer] DEBUG tech.yesboss.persistence.db.SingleThreadDbWriter -- Processing event: InsertTaskSessionEvent
20:20:07.826 [SQLite-Single-Thread-Writer] DEBUG tech.yesboss.persistence.db.SingleThreadDbWriter -- Completed event: InsertTaskSessionEvent
20:20:07.826 [SQLite-Single-Thread-Writer] DEBUG tech.yesboss.persistence.db.SingleThreadDbWriter -- Processing event: InsertTaskSessionEvent
20:20:07.826 [SQLite-Single-Thread-Writer] DEBUG tech.yesboss.persistence.db.SingleThreadDbWriter -- Completed event: InsertTaskSessionEvent
20:20:07.826 [SQLite-Single-Thread-Writer] DEBUG tech.yesboss.persistence.db.SingleThreadDbWriter -- Processing event: InsertTaskSessionEvent
20:20:07.826 [SQLite-Single-Thread-Writer] DEBUG tech.yesboss.persistence.db.SingleThreadDbWriter -- Completed event: InsertTaskSessionEvent
20:20:07.826 [SQLite-Single-Thread-Writer] DEBUG tech.yesboss.persistence.db.SingleThreadDbWriter -- Processing event: InsertTaskSessionEvent
20:20:07.826 [SQLite-Single-Thread-Writer] DEBUG tech.yesboss.persistence.db.SingleThreadDbWriter -- Completed event: InsertTaskSessionEvent
20:20:07.826 [SQLite-Single-Thread-Writer] DEBUG tech.yesboss.persistence.db.SingleThreadDbWriter -- Processing event: InsertTaskSessionEvent
20:20:07.826 [SQLite-Single-Thread-Writer] DEBUG tech.yesboss.persistence.db.SingleThreadDbWriter -- Completed event: InsertTaskSessionEvent
20:20:07.826 [SQLite-Single-Thread-Writer] DEBUG tech.yesboss.persistence.db.SingleThreadDbWriter -- Processing event: InsertTaskSessionEvent
20:20:07.826 [SQLite-Single-Thread-Writer] DEBUG tech.yesboss.persistence.db.SingleThreadDbWriter -- Completed event: InsertTaskSessionEvent
20:20:07.826 [SQLite-Single-Thread-Writer] DEBUG tech.yesboss.persistence.db.SingleThreadDbWriter -- Processing event: InsertTaskSessionEvent
20:20:07.827 [SQLite-Single-Thread-Writer] DEBUG tech.yesboss.persistence.db.SingleThreadDbWriter -- Completed event: InsertTaskSessionEvent
20:20:07.827 [SQLite-Single-Thread-Writer] DEBUG tech.yesboss.persistence.db.SingleThreadDbWriter -- Processing event: InsertTaskSessionEvent
20:20:07.827 [SQLite-Single-Thread-Writer] DEBUG tech.yesboss.persistence.db.SingleThreadDbWriter -- Completed event: InsertTaskSessionEvent
20:20:07.827 [SQLite-Single-Thread-Writer] DEBUG tech.yesboss.persistence.db.SingleThreadDbWriter -- Processing event: InsertTaskSessionEvent
20:20:07.827 [SQLite-Single-Thread-Writer] DEBUG tech.yesboss.persistence.db.SingleThreadDbWriter -- Completed event: InsertTaskSessionEvent
20:20:07.827 [SQLite-Single-Thread-Writer] DEBUG tech.yesboss.persistence.db.SingleThreadDbWriter -- Processing event: InsertTaskSessionEvent
20:20:07.827 [SQLite-Single-Thread-Writer] DEBUG tech.yesboss.persistence.db.SingleThreadDbWriter -- Completed event: InsertTaskSessionEvent
20:20:07.827 [SQLite-Single-Thread-Writer] DEBUG tech.yesboss.persistence.db.SingleThreadDbWriter -- Processing event: InsertTaskSessionEvent
20:20:07.827 [SQLite-Single-Thread-Writer] DEBUG tech.yesboss.persistence.db.SingleThreadDbWriter -- Completed event: InsertTaskSessionEvent
20:20:07.827 [SQLite-Single-Thread-Writer] DEBUG tech.yesboss.persistence.db.SingleThreadDbWriter -- Processing event: InsertTaskSessionEvent
20:20:07.827 [SQLite-Single-Thread-Writer] DEBUG tech.yesboss.persistence.db.SingleThreadDbWriter -- Completed event: InsertTaskSessionEvent
20:20:07.827 [SQLite-Single-Thread-Writer] DEBUG tech.yesboss.persistence.db.SingleThreadDbWriter -- Processing event: InsertTaskSessionEvent
20:20:07.827 [SQLite-Single-Thread-Writer] DEBUG tech.yesboss.persistence.db.SingleThreadDbWriter -- Completed event: InsertTaskSessionEvent
20:20:07.827 [SQLite-Single-Thread-Writer] DEBUG tech.yesboss.persistence.db.SingleThreadDbWriter -- Processing event: InsertTaskSessionEvent
20:20:07.828 [SQLite-Single-Thread-Writer] DEBUG tech.yesboss.persistence.db.SingleThreadDbWriter -- Completed event: InsertTaskSessionEvent
20:20:07.828 [SQLite-Single-Thread-Writer] DEBUG tech.yesboss.persistence.db.SingleThreadDbWriter -- Processing event: InsertTaskSessionEvent
20:20:07.828 [SQLite-Single-Thread-Writer] DEBUG tech.yesboss.persistence.db.SingleThreadDbWriter -- Completed event: InsertTaskSessionEvent
20:20:07.828 [SQLite-Single-Thread-Writer] DEBUG tech.yesboss.persistence.db.SingleThreadDbWriter -- Processing event: InsertTaskSessionEvent
20:20:07.828 [SQLite-Single-Thread-Writer] DEBUG tech.yesboss.persistence.db.SingleThreadDbWriter -- Completed event: InsertTaskSessionEvent
20:20:07.828 [SQLite-Single-Thread-Writer] DEBUG tech.yesboss.persistence.db.SingleThreadDbWriter -- Processing event: InsertTaskSessionEvent
20:20:07.828 [SQLite-Single-Thread-Writer] DEBUG tech.yesboss.persistence.db.SingleThreadDbWriter -- Completed event: InsertTaskSessionEvent
20:20:07.828 [SQLite-Single-Thread-Writer] DEBUG tech.yesboss.persistence.db.SingleThreadDbWriter -- Processing event: InsertTaskSessionEvent
20:20:07.828 [SQLite-Single-Thread-Writer] DEBUG tech.yesboss.persistence.db.SingleThreadDbWriter -- Completed event: InsertTaskSessionEvent
20:20:07.828 [SQLite-Single-Thread-Writer] DEBUG tech.yesboss.persistence.db.SingleThreadDbWriter -- Processing event: InsertTaskSessionEvent
20:20:07.828 [SQLite-Single-Thread-Writer] DEBUG tech.yesboss.persistence.db.SingleThreadDbWriter -- Completed event: InsertTaskSessionEvent
20:20:07.828 [SQLite-Single-Thread-Writer] DEBUG tech.yesboss.persistence.db.SingleThreadDbWriter -- Processing event: InsertTaskSessionEvent
20:20:07.828 [SQLite-Single-Thread-Writer] DEBUG tech.yesboss.persistence.db.SingleThreadDbWriter -- Completed event: InsertTaskSessionEvent
20:20:07.828 [SQLite-Single-Thread-Writer] DEBUG tech.yesboss.persistence.db.SingleThreadDbWriter -- Processing event: InsertTaskSessionEvent
20:20:07.828 [SQLite-Single-Thread-Writer] DEBUG tech.yesboss.persistence.db.SingleThreadDbWriter -- Completed event: InsertTaskSessionEvent
20:20:07.828 [SQLite-Single-Thread-Writer] DEBUG tech.yesboss.persistence.db.SingleThreadDbWriter -- Processing event: InsertTaskSessionEvent
20:20:07.829 [SQLite-Single-Thread-Writer] DEBUG tech.yesboss.persistence.db.SingleThreadDbWriter -- Completed event: InsertTaskSessionEvent
20:20:07.829 [SQLite-Single-Thread-Writer] DEBUG tech.yesboss.persistence.db.SingleThreadDbWriter -- Processing event: InsertTaskSessionEvent
20:20:07.829 [SQLite-Single-Thread-Writer] DEBUG tech.yesboss.persistence.db.SingleThreadDbWriter -- Completed event: InsertTaskSessionEvent
20:20:07.829 [SQLite-Single-Thread-Writer] DEBUG tech.yesboss.persistence.db.SingleThreadDbWriter -- Processing event: InsertTaskSessionEvent
20:20:07.829 [SQLite-Single-Thread-Writer] DEBUG tech.yesboss.persistence.db.SingleThreadDbWriter -- Completed event: InsertTaskSessionEvent
20:20:07.829 [SQLite-Single-Thread-Writer] DEBUG tech.yesboss.persistence.db.SingleThreadDbWriter -- Processing event: InsertTaskSessionEvent
20:20:07.829 [SQLite-Single-Thread-Writer] DEBUG tech.yesboss.persistence.db.SingleThreadDbWriter -- Completed event: InsertTaskSessionEvent
20:20:07.829 [SQLite-Single-Thread-Writer] DEBUG tech.yesboss.persistence.db.SingleThreadDbWriter -- Processing event: InsertTaskSessionEvent
20:20:07.829 [SQLite-Single-Thread-Writer] DEBUG tech.yesboss.persistence.db.SingleThreadDbWriter -- Completed event: InsertTaskSessionEvent
20:20:07.829 [SQLite-Single-Thread-Writer] DEBUG tech.yesboss.persistence.db.SingleThreadDbWriter -- Processing event: InsertTaskSessionEvent
20:20:07.829 [SQLite-Single-Thread-Writer] DEBUG tech.yesboss.persistence.db.SingleThreadDbWriter -- Completed event: InsertTaskSessionEvent
20:20:07.829 [SQLite-Single-Thread-Writer] DEBUG tech.yesboss.persistence.db.SingleThreadDbWriter -- Processing event: InsertTaskSessionEvent
20:20:07.830 [SQLite-Single-Thread-Writer] DEBUG tech.yesboss.persistence.db.SingleThreadDbWriter -- Completed event: InsertTaskSessionEvent
20:20:07.830 [SQLite-Single-Thread-Writer] DEBUG tech.yesboss.persistence.db.SingleThreadDbWriter -- Processing event: InsertTaskSessionEvent
20:20:07.830 [SQLite-Single-Thread-Writer] DEBUG tech.yesboss.persistence.db.SingleThreadDbWriter -- Completed event: InsertTaskSessionEvent
20:20:07.830 [SQLite-Single-Thread-Writer] DEBUG tech.yesboss.persistence.db.SingleThreadDbWriter -- Processing event: InsertTaskSessionEvent
20:20:07.830 [SQLite-Single-Thread-Writer] DEBUG tech.yesboss.persistence.db.SingleThreadDbWriter -- Completed event: InsertTaskSessionEvent
20:20:07.830 [SQLite-Single-Thread-Writer] DEBUG tech.yesboss.persistence.db.SingleThreadDbWriter -- Processing event: InsertTaskSessionEvent
20:20:07.830 [SQLite-Single-Thread-Writer] DEBUG tech.yesboss.persistence.db.SingleThreadDbWriter -- Completed event: InsertTaskSessionEvent
20:20:07.831 [SQLite-Single-Thread-Writer] DEBUG tech.yesboss.persistence.db.SingleThreadDbWriter -- Processing event: InsertTaskSessionEvent
20:20:07.832 [SQLite-Single-Thread-Writer] DEBUG tech.yesboss.persistence.db.SingleThreadDbWriter -- Completed event: InsertTaskSessionEvent
20:20:07.832 [SQLite-Single-Thread-Writer] DEBUG tech.yesboss.persistence.db.SingleThreadDbWriter -- Processing event: InsertTaskSessionEvent
20:20:07.832 [SQLite-Single-Thread-Writer] DEBUG tech.yesboss.persistence.db.SingleThreadDbWriter -- Completed event: InsertTaskSessionEvent
20:20:07.832 [SQLite-Single-Thread-Writer] DEBUG tech.yesboss.persistence.db.SingleThreadDbWriter -- Processing event: InsertTaskSessionEvent
20:20:07.832 [SQLite-Single-Thread-Writer] DEBUG tech.yesboss.persistence.db.SingleThreadDbWriter -- Completed event: InsertTaskSessionEvent
20:20:07.832 [SQLite-Single-Thread-Writer] DEBUG tech.yesboss.persistence.db.SingleThreadDbWriter -- Processing event: InsertTaskSessionEvent
20:20:07.832 [SQLite-Single-Thread-Writer] DEBUG tech.yesboss.persistence.db.SingleThreadDbWriter -- Completed event: InsertTaskSessionEvent
20:20:07.832 [SQLite-Single-Thread-Writer] DEBUG tech.yesboss.persistence.db.SingleThreadDbWriter -- Processing event: InsertTaskSessionEvent
20:20:07.832 [SQLite-Single-Thread-Writer] DEBUG tech.yesboss.persistence.db.SingleThreadDbWriter -- Completed event: InsertTaskSessionEvent
20:20:07.832 [SQLite-Single-Thread-Writer] DEBUG tech.yesboss.persistence.db.SingleThreadDbWriter -- Processing event: InsertTaskSessionEvent
20:20:07.832 [SQLite-Single-Thread-Writer] DEBUG tech.yesboss.persistence.db.SingleThreadDbWriter -- Completed event: InsertTaskSessionEvent
20:20:07.832 [SQLite-Single-Thread-Writer] DEBUG tech.yesboss.persistence.db.SingleThreadDbWriter -- Processing event: InsertTaskSessionEvent
20:20:07.832 [SQLite-Single-Thread-Writer] DEBUG tech.yesboss.persistence.db.SingleThreadDbWriter -- Completed event: InsertTaskSessionEvent
20:20:07.832 [SQLite-Single-Thread-Writer] DEBUG tech.yesboss.persistence.db.SingleThreadDbWriter -- Processing event: InsertTaskSessionEvent
20:20:07.833 [SQLite-Single-Thread-Writer] DEBUG tech.yesboss.persistence.db.SingleThreadDbWriter -- Completed event: InsertTaskSessionEvent
20:20:07.833 [SQLite-Single-Thread-Writer] DEBUG tech.yesboss.persistence.db.SingleThreadDbWriter -- Processing event: InsertTaskSessionEvent
20:20:07.833 [SQLite-Single-Thread-Writer] DEBUG tech.yesboss.persistence.db.SingleThreadDbWriter -- Completed event: InsertTaskSessionEvent
20:20:07.833 [SQLite-Single-Thread-Writer] DEBUG tech.yesboss.persistence.db.SingleThreadDbWriter -- Processing event: InsertTaskSessionEvent
20:20:07.833 [SQLite-Single-Thread-Writer] DEBUG tech.yesboss.persistence.db.SingleThreadDbWriter -- Completed event: InsertTaskSessionEvent
20:20:07.833 [SQLite-Single-Thread-Writer] DEBUG tech.yesboss.persistence.db.SingleThreadDbWriter -- Processing event: InsertTaskSessionEvent
20:20:07.833 [SQLite-Single-Thread-Writer] DEBUG tech.yesboss.persistence.db.SingleThreadDbWriter -- Completed event: InsertTaskSessionEvent
20:20:07.833 [SQLite-Single-Thread-Writer] DEBUG tech.yesboss.persistence.db.SingleThreadDbWriter -- Processing event: InsertTaskSessionEvent
20:20:07.833 [SQLite-Single-Thread-Writer] DEBUG tech.yesboss.persistence.db.SingleThreadDbWriter -- Completed event: InsertTaskSessionEvent
20:20:07.833 [SQLite-Single-Thread-Writer] DEBUG tech.yesboss.persistence.db.SingleThreadDbWriter -- Processing event: InsertTaskSessionEvent
20:20:07.833 [SQLite-Single-Thread-Writer] DEBUG tech.yesboss.persistence.db.SingleThreadDbWriter -- Completed event: InsertTaskSessionEvent
20:20:07.833 [SQLite-Single-Thread-Writer] DEBUG tech.yesboss.persistence.db.SingleThreadDbWriter -- Processing event: InsertTaskSessionEvent
20:20:07.833 [SQLite-Single-Thread-Writer] DEBUG tech.yesboss.persistence.db.SingleThreadDbWriter -- Completed event: InsertTaskSessionEvent
20:20:07.833 [SQLite-Single-Thread-Writer] DEBUG tech.yesboss.persistence.db.SingleThreadDbWriter -- Processing event: InsertTaskSessionEvent
20:20:07.833 [SQLite-Single-Thread-Writer] DEBUG tech.yesboss.persistence.db.SingleThreadDbWriter -- Completed event: InsertTaskSessionEvent
20:20:07.833 [SQLite-Single-Thread-Writer] DEBUG tech.yesboss.persistence.db.SingleThreadDbWriter -- Processing event: InsertTaskSessionEvent
20:20:07.833 [SQLite-Single-Thread-Writer] DEBUG tech.yesboss.persistence.db.SingleThreadDbWriter -- Completed event: InsertTaskSessionEvent
20:20:07.833 [SQLite-Single-Thread-Writer] DEBUG tech.yesboss.persistence.db.SingleThreadDbWriter -- Processing event: InsertTaskSessionEvent
20:20:07.833 [SQLite-Single-Thread-Writer] DEBUG tech.yesboss.persistence.db.SingleThreadDbWriter -- Completed event: InsertTaskSessionEvent
20:20:07.833 [SQLite-Single-Thread-Writer] DEBUG tech.yesboss.persistence.db.SingleThreadDbWriter -- Processing event: InsertTaskSessionEvent
20:20:07.834 [SQLite-Single-Thread-Writer] DEBUG tech.yesboss.persistence.db.SingleThreadDbWriter -- Completed event: InsertTaskSessionEvent
20:20:07.834 [SQLite-Single-Thread-Writer] DEBUG tech.yesboss.persistence.db.SingleThreadDbWriter -- Processing event: InsertTaskSessionEvent
20:20:07.834 [SQLite-Single-Thread-Writer] DEBUG tech.yesboss.persistence.db.SingleThreadDbWriter -- Completed event: InsertTaskSessionEvent
20:20:07.834 [SQLite-Single-Thread-Writer] DEBUG tech.yesboss.persistence.db.SingleThreadDbWriter -- Processing event: InsertTaskSessionEvent
20:20:07.834 [SQLite-Single-Thread-Writer] DEBUG tech.yesboss.persistence.db.SingleThreadDbWriter -- Completed event: InsertTaskSessionEvent
20:20:07.834 [SQLite-Single-Thread-Writer] DEBUG tech.yesboss.persistence.db.SingleThreadDbWriter -- Processing event: InsertTaskSessionEvent
20:20:07.834 [SQLite-Single-Thread-Writer] DEBUG tech.yesboss.persistence.db.SingleThreadDbWriter -- Completed event: InsertTaskSessionEvent
20:20:07.834 [SQLite-Single-Thread-Writer] DEBUG tech.yesboss.persistence.db.SingleThreadDbWriter -- Processing event: InsertTaskSessionEvent
20:20:07.834 [SQLite-Single-Thread-Writer] DEBUG tech.yesboss.persistence.db.SingleThreadDbWriter -- Completed event: InsertTaskSessionEvent
20:20:07.834 [SQLite-Single-Thread-Writer] DEBUG tech.yesboss.persistence.db.SingleThreadDbWriter -- Processing event: InsertTaskSessionEvent
20:20:07.834 [SQLite-Single-Thread-Writer] DEBUG tech.yesboss.persistence.db.SingleThreadDbWriter -- Completed event: InsertTaskSessionEvent
20:20:07.834 [SQLite-Single-Thread-Writer] DEBUG tech.yesboss.persistence.db.SingleThreadDbWriter -- Processing event: InsertTaskSessionEvent
20:20:07.834 [SQLite-Single-Thread-Writer] DEBUG tech.yesboss.persistence.db.SingleThreadDbWriter -- Completed event: InsertTaskSessionEvent
20:20:07.834 [SQLite-Single-Thread-Writer] DEBUG tech.yesboss.persistence.db.SingleThreadDbWriter -- Processing event: InsertTaskSessionEvent
20:20:07.834 [SQLite-Single-Thread-Writer] DEBUG tech.yesboss.persistence.db.SingleThreadDbWriter -- Completed event: InsertTaskSessionEvent
20:20:07.834 [SQLite-Single-Thread-Writer] DEBUG tech.yesboss.persistence.db.SingleThreadDbWriter -- Processing event: InsertTaskSessionEvent
20:20:07.834 [SQLite-Single-Thread-Writer] DEBUG tech.yesboss.persistence.db.SingleThreadDbWriter -- Completed event: InsertTaskSessionEvent
20:20:07.834 [SQLite-Single-Thread-Writer] DEBUG tech.yesboss.persistence.db.SingleThreadDbWriter -- Processing event: InsertTaskSessionEvent
20:20:07.834 [SQLite-Single-Thread-Writer] DEBUG tech.yesboss.persistence.db.SingleThreadDbWriter -- Completed event: InsertTaskSessionEvent
20:20:07.835 [SQLite-Single-Thread-Writer] DEBUG tech.yesboss.persistence.db.SingleThreadDbWriter -- Processing event: InsertTaskSessionEvent
20:20:07.835 [SQLite-Single-Thread-Writer] DEBUG tech.yesboss.persistence.db.SingleThreadDbWriter -- Completed event: InsertTaskSessionEvent
20:20:07.835 [SQLite-Single-Thread-Writer] DEBUG tech.yesboss.persistence.db.SingleThreadDbWriter -- Processing event: InsertTaskSessionEvent
20:20:07.835 [SQLite-Single-Thread-Writer] DEBUG tech.yesboss.persistence.db.SingleThreadDbWriter -- Completed event: InsertTaskSessionEvent
20:20:07.835 [SQLite-Single-Thread-Writer] DEBUG tech.yesboss.persistence.db.SingleThreadDbWriter -- Processing event: InsertTaskSessionEvent
20:20:07.835 [SQLite-Single-Thread-Writer] DEBUG tech.yesboss.persistence.db.SingleThreadDbWriter -- Completed event: InsertTaskSessionEvent
20:20:07.835 [SQLite-Single-Thread-Writer] DEBUG tech.yesboss.persistence.db.SingleThreadDbWriter -- Processing event: InsertTaskSessionEvent
20:20:07.835 [SQLite-Single-Thread-Writer] DEBUG tech.yesboss.persistence.db.SingleThreadDbWriter -- Completed event: InsertTaskSessionEvent
20:20:07.835 [SQLite-Single-Thread-Writer] DEBUG tech.yesboss.persistence.db.SingleThreadDbWriter -- Processing event: InsertTaskSessionEvent
20:20:07.835 [SQLite-Single-Thread-Writer] DEBUG tech.yesboss.persistence.db.SingleThreadDbWriter -- Completed event: InsertTaskSessionEvent
20:20:07.835 [SQLite-Single-Thread-Writer] DEBUG tech.yesboss.persistence.db.SingleThreadDbWriter -- Processing event: InsertTaskSessionEvent
20:20:07.835 [SQLite-Single-Thread-Writer] DEBUG tech.yesboss.persistence.db.SingleThreadDbWriter -- Completed event: InsertTaskSessionEvent
20:20:07.835 [SQLite-Single-Thread-Writer] DEBUG tech.yesboss.persistence.db.SingleThreadDbWriter -- Processing event: InsertTaskSessionEvent
20:20:07.835 [SQLite-Single-Thread-Writer] DEBUG tech.yesboss.persistence.db.SingleThreadDbWriter -- Completed event: InsertTaskSessionEvent
20:20:07.835 [SQLite-Single-Thread-Writer] DEBUG tech.yesboss.persistence.db.SingleThreadDbWriter -- Processing event: InsertTaskSessionEvent
20:20:07.835 [SQLite-Single-Thread-Writer] DEBUG tech.yesboss.persistence.db.SingleThreadDbWriter -- Completed event: InsertTaskSessionEvent
20:20:07.835 [SQLite-Single-Thread-Writer] DEBUG tech.yesboss.persistence.db.SingleThreadDbWriter -- Processing event: InsertTaskSessionEvent
20:20:07.835 [SQLite-Single-Thread-Writer] DEBUG tech.yesboss.persistence.db.SingleThreadDbWriter -- Completed event: InsertTaskSessionEvent
20:20:07.835 [SQLite-Single-Thread-Writer] DEBUG tech.yesboss.persistence.db.SingleThreadDbWriter -- Processing event: InsertTaskSessionEvent
20:20:07.836 [SQLite-Single-Thread-Writer] DEBUG tech.yesboss.persistence.db.SingleThreadDbWriter -- Completed event: InsertTaskSessionEvent
20:20:07.836 [SQLite-Single-Thread-Writer] DEBUG tech.yesboss.persistence.db.SingleThreadDbWriter -- Processing event: InsertTaskSessionEvent
20:20:07.836 [SQLite-Single-Thread-Writer] DEBUG tech.yesboss.persistence.db.SingleThreadDbWriter -- Completed event: InsertTaskSessionEvent
20:20:07.836 [SQLite-Single-Thread-Writer] DEBUG tech.yesboss.persistence.db.SingleThreadDbWriter -- Processing event: InsertTaskSessionEvent
20:20:07.836 [SQLite-Single-Thread-Writer] DEBUG tech.yesboss.persistence.db.SingleThreadDbWriter -- Completed event: InsertTaskSessionEvent
20:20:07.836 [SQLite-Single-Thread-Writer] DEBUG tech.yesboss.persistence.db.SingleThreadDbWriter -- Processing event: InsertTaskSessionEvent
20:20:07.836 [SQLite-Single-Thread-Writer] DEBUG tech.yesboss.persistence.db.SingleThreadDbWriter -- Completed event: InsertTaskSessionEvent
20:20:07.836 [SQLite-Single-Thread-Writer] DEBUG tech.yesboss.persistence.db.SingleThreadDbWriter -- Processing event: InsertTaskSessionEvent
20:20:07.836 [SQLite-Single-Thread-Writer] DEBUG tech.yesboss.persistence.db.SingleThreadDbWriter -- Completed event: InsertTaskSessionEvent
20:20:07.836 [SQLite-Single-Thread-Writer] DEBUG tech.yesboss.persistence.db.SingleThreadDbWriter -- Processing event: InsertTaskSessionEvent
20:20:07.836 [SQLite-Single-Thread-Writer] DEBUG tech.yesboss.persistence.db.SingleThreadDbWriter -- Completed event: InsertTaskSessionEvent
20:20:07.836 [SQLite-Single-Thread-Writer] DEBUG tech.yesboss.persistence.db.SingleThreadDbWriter -- Processing event: InsertTaskSessionEvent
20:20:07.836 [SQLite-Single-Thread-Writer] DEBUG tech.yesboss.persistence.db.SingleThreadDbWriter -- Completed event: InsertTaskSessionEvent
20:20:07.836 [SQLite-Single-Thread-Writer] DEBUG tech.yesboss.persistence.db.SingleThreadDbWriter -- Processing event: InsertTaskSessionEvent
20:20:07.836 [SQLite-Single-Thread-Writer] DEBUG tech.yesboss.persistence.db.SingleThreadDbWriter -- Completed event: InsertTaskSessionEvent
20:20:07.836 [SQLite-Single-Thread-Writer] DEBUG tech.yesboss.persistence.db.SingleThreadDbWriter -- Processing event: InsertTaskSessionEvent
20:20:07.836 [SQLite-Single-Thread-Writer] DEBUG tech.yesboss.persistence.db.SingleThreadDbWriter -- Completed event: InsertTaskSessionEvent
20:20:07.836 [SQLite-Single-Thread-Writer] DEBUG tech.yesboss.persistence.db.SingleThreadDbWriter -- Processing event: InsertTaskSessionEvent
20:20:07.837 [SQLite-Single-Thread-Writer] DEBUG tech.yesboss.persistence.db.SingleThreadDbWriter -- Completed event: InsertTaskSessionEvent
20:20:07.837 [SQLite-Single-Thread-Writer] DEBUG tech.yesboss.persistence.db.SingleThreadDbWriter -- Processing event: InsertTaskSessionEvent
20:20:07.837 [SQLite-Single-Thread-Writer] DEBUG tech.yesboss.persistence.db.SingleThreadDbWriter -- Completed event: InsertTaskSessionEvent
20:20:07.837 [SQLite-Single-Thread-Writer] DEBUG tech.yesboss.persistence.db.SingleThreadDbWriter -- Processing event: InsertTaskSessionEvent
20:20:07.837 [SQLite-Single-Thread-Writer] DEBUG tech.yesboss.persistence.db.SingleThreadDbWriter -- Completed event: InsertTaskSessionEvent
20:20:07.837 [SQLite-Single-Thread-Writer] DEBUG tech.yesboss.persistence.db.SingleThreadDbWriter -- Processing event: InsertTaskSessionEvent
20:20:07.837 [SQLite-Single-Thread-Writer] DEBUG tech.yesboss.persistence.db.SingleThreadDbWriter -- Completed event: InsertTaskSessionEvent
20:20:07.837 [SQLite-Single-Thread-Writer] DEBUG tech.yesboss.persistence.db.SingleThreadDbWriter -- Processing event: InsertTaskSessionEvent
20:20:07.837 [SQLite-Single-Thread-Writer] DEBUG tech.yesboss.persistence.db.SingleThreadDbWriter -- Completed event: InsertTaskSessionEvent
20:20:07.837 [SQLite-Single-Thread-Writer] DEBUG tech.yesboss.persistence.db.SingleThreadDbWriter -- Processing event: InsertTaskSessionEvent
20:20:07.837 [SQLite-Single-Thread-Writer] DEBUG tech.yesboss.persistence.db.SingleThreadDbWriter -- Completed event: InsertTaskSessionEvent
20:20:07.837 [SQLite-Single-Thread-Writer] DEBUG tech.yesboss.persistence.db.SingleThreadDbWriter -- Processing event: InsertTaskSessionEvent
20:20:07.837 [SQLite-Single-Thread-Writer] DEBUG tech.yesboss.persistence.db.SingleThreadDbWriter -- Completed event: InsertTaskSessionEvent
20:20:07.837 [SQLite-Single-Thread-Writer] DEBUG tech.yesboss.persistence.db.SingleThreadDbWriter -- Processing event: InsertTaskSessionEvent
20:20:07.837 [SQLite-Single-Thread-Writer] DEBUG tech.yesboss.persistence.db.SingleThreadDbWriter -- Completed event: InsertTaskSessionEvent
20:20:07.837 [SQLite-Single-Thread-Writer] DEBUG tech.yesboss.persistence.db.SingleThreadDbWriter -- Processing event: InsertTaskSessionEvent
20:20:07.837 [SQLite-Single-Thread-Writer] DEBUG tech.yesboss.persistence.db.SingleThreadDbWriter -- Completed event: InsertTaskSessionEvent
20:20:07.837 [SQLite-Single-Thread-Writer] DEBUG tech.yesboss.persistence.db.SingleThreadDbWriter -- Processing event: InsertTaskSessionEvent
20:20:07.837 [SQLite-Single-Thread-Writer] DEBUG tech.yesboss.persistence.db.SingleThreadDbWriter -- Completed event: InsertTaskSessionEvent
20:20:07.837 [SQLite-Single-Thread-Writer] DEBUG tech.yesboss.persistence.db.SingleThreadDbWriter -- Processing event: InsertTaskSessionEvent
20:20:07.837 [SQLite-Single-Thread-Writer] DEBUG tech.yesboss.persistence.db.SingleThreadDbWriter -- Completed event: InsertTaskSessionEvent
20:20:07.837 [SQLite-Single-Thread-Writer] DEBUG tech.yesboss.persistence.db.SingleThreadDbWriter -- Processing event: InsertTaskSessionEvent
20:20:07.838 [SQLite-Single-Thread-Writer] DEBUG tech.yesboss.persistence.db.SingleThreadDbWriter -- Completed event: InsertTaskSessionEvent
20:20:07.838 [SQLite-Single-Thread-Writer] DEBUG tech.yesboss.persistence.db.SingleThreadDbWriter -- Processing event: InsertTaskSessionEvent
20:20:07.838 [SQLite-Single-Thread-Writer] DEBUG tech.yesboss.persistence.db.SingleThreadDbWriter -- Completed event: InsertTaskSessionEvent
20:20:07.838 [SQLite-Single-Thread-Writer] DEBUG tech.yesboss.persistence.db.SingleThreadDbWriter -- Processing event: InsertTaskSessionEvent
20:20:07.838 [SQLite-Single-Thread-Writer] DEBUG tech.yesboss.persistence.db.SingleThreadDbWriter -- Completed event: InsertTaskSessionEvent
20:20:07.838 [SQLite-Single-Thread-Writer] DEBUG tech.yesboss.persistence.db.SingleThreadDbWriter -- Processing event: InsertTaskSessionEvent
20:20:07.838 [SQLite-Single-Thread-Writer] DEBUG tech.yesboss.persistence.db.SingleThreadDbWriter -- Completed event: InsertTaskSessionEvent
20:20:07.838 [SQLite-Single-Thread-Writer] DEBUG tech.yesboss.persistence.db.SingleThreadDbWriter -- Processing event: InsertTaskSessionEvent
20:20:07.838 [SQLite-Single-Thread-Writer] DEBUG tech.yesboss.persistence.db.SingleThreadDbWriter -- Completed event: InsertTaskSessionEvent
20:20:07.838 [SQLite-Single-Thread-Writer] DEBUG tech.yesboss.persistence.db.SingleThreadDbWriter -- Processing event: InsertTaskSessionEvent
20:20:07.838 [SQLite-Single-Thread-Writer] DEBUG tech.yesboss.persistence.db.SingleThreadDbWriter -- Completed event: InsertTaskSessionEvent
20:20:07.838 [SQLite-Single-Thread-Writer] DEBUG tech.yesboss.persistence.db.SingleThreadDbWriter -- Processing event: InsertTaskSessionEvent
20:20:07.838 [SQLite-Single-Thread-Writer] DEBUG tech.yesboss.persistence.db.SingleThreadDbWriter -- Completed event: InsertTaskSessionEvent
20:20:07.838 [SQLite-Single-Thread-Writer] DEBUG tech.yesboss.persistence.db.SingleThreadDbWriter -- Processing event: InsertTaskSessionEvent
20:20:07.838 [SQLite-Single-Thread-Writer] DEBUG tech.yesboss.persistence.db.SingleThreadDbWriter -- Completed event: InsertTaskSessionEvent
20:20:07.838 [SQLite-Single-Thread-Writer] DEBUG tech.yesboss.persistence.db.SingleThreadDbWriter -- Processing event: InsertTaskSessionEvent
20:20:07.838 [SQLite-Single-Thread-Writer] DEBUG tech.yesboss.persistence.db.SingleThreadDbWriter -- Completed event: InsertTaskSessionEvent
20:20:07.838 [SQLite-Single-Thread-Writer] DEBUG tech.yesboss.persistence.db.SingleThreadDbWriter -- Processing event: InsertTaskSessionEvent
20:20:07.839 [SQLite-Single-Thread-Writer] DEBUG tech.yesboss.persistence.db.SingleThreadDbWriter -- Completed event: InsertTaskSessionEvent
20:20:07.839 [SQLite-Single-Thread-Writer] DEBUG tech.yesboss.persistence.db.SingleThreadDbWriter -- Processing event: InsertTaskSessionEvent
20:20:07.839 [SQLite-Single-Thread-Writer] DEBUG tech.yesboss.persistence.db.SingleThreadDbWriter -- Completed event: InsertTaskSessionEvent
20:20:07.839 [SQLite-Single-Thread-Writer] DEBUG tech.yesboss.persistence.db.SingleThreadDbWriter -- Processing event: InsertTaskSessionEvent
20:20:07.839 [SQLite-Single-Thread-Writer] DEBUG tech.yesboss.persistence.db.SingleThreadDbWriter -- Completed event: InsertTaskSessionEvent
20:20:07.839 [SQLite-Single-Thread-Writer] DEBUG tech.yesboss.persistence.db.SingleThreadDbWriter -- Processing event: InsertTaskSessionEvent
20:20:07.839 [SQLite-Single-Thread-Writer] DEBUG tech.yesboss.persistence.db.SingleThreadDbWriter -- Completed event: InsertTaskSessionEvent
20:20:07.839 [SQLite-Single-Thread-Writer] DEBUG tech.yesboss.persistence.db.SingleThreadDbWriter -- Processing event: InsertTaskSessionEvent
20:20:07.839 [SQLite-Single-Thread-Writer] DEBUG tech.yesboss.persistence.db.SingleThreadDbWriter -- Completed event: InsertTaskSessionEvent
20:20:07.839 [SQLite-Single-Thread-Writer] DEBUG tech.yesboss.persistence.db.SingleThreadDbWriter -- Processing event: InsertTaskSessionEvent
20:20:07.839 [SQLite-Single-Thread-Writer] DEBUG tech.yesboss.persistence.db.SingleThreadDbWriter -- Completed event: InsertTaskSessionEvent
20:20:07.839 [SQLite-Single-Thread-Writer] DEBUG tech.yesboss.persistence.db.SingleThreadDbWriter -- Processing event: InsertTaskSessionEvent
20:20:07.839 [SQLite-Single-Thread-Writer] DEBUG tech.yesboss.persistence.db.SingleThreadDbWriter -- Completed event: InsertTaskSessionEvent
20:20:07.839 [SQLite-Single-Thread-Writer] DEBUG tech.yesboss.persistence.db.SingleThreadDbWriter -- Processing event: InsertTaskSessionEvent
20:20:07.839 [SQLite-Single-Thread-Writer] DEBUG tech.yesboss.persistence.db.SingleThreadDbWriter -- Completed event: InsertTaskSessionEvent
20:20:07.839 [SQLite-Single-Thread-Writer] DEBUG tech.yesboss.persistence.db.SingleThreadDbWriter -- Processing event: InsertTaskSessionEvent
20:20:07.839 [SQLite-Single-Thread-Writer] DEBUG tech.yesboss.persistence.db.SingleThreadDbWriter -- Completed event: InsertTaskSessionEvent
20:20:07.839 [SQLite-Single-Thread-Writer] DEBUG tech.yesboss.persistence.db.SingleThreadDbWriter -- Processing event: InsertTaskSessionEvent
20:20:07.839 [SQLite-Single-Thread-Writer] DEBUG tech.yesboss.persistence.db.SingleThreadDbWriter -- Completed event: InsertTaskSessionEvent
20:20:07.840 [SQLite-Single-Thread-Writer] DEBUG tech.yesboss.persistence.db.SingleThreadDbWriter -- Processing event: InsertTaskSessionEvent
20:20:07.840 [SQLite-Single-Thread-Writer] DEBUG tech.yesboss.persistence.db.SingleThreadDbWriter -- Completed event: InsertTaskSessionEvent
20:20:07.840 [SQLite-Single-Thread-Writer] DEBUG tech.yesboss.persistence.db.SingleThreadDbWriter -- Processing event: InsertTaskSessionEvent
20:20:07.840 [SQLite-Single-Thread-Writer] DEBUG tech.yesboss.persistence.db.SingleThreadDbWriter -- Completed event: InsertTaskSessionEvent
20:20:07.840 [SQLite-Single-Thread-Writer] DEBUG tech.yesboss.persistence.db.SingleThreadDbWriter -- Processing event: InsertTaskSessionEvent
20:20:07.840 [SQLite-Single-Thread-Writer] DEBUG tech.yesboss.persistence.db.SingleThreadDbWriter -- Completed event: InsertTaskSessionEvent
20:20:07.840 [SQLite-Single-Thread-Writer] DEBUG tech.yesboss.persistence.db.SingleThreadDbWriter -- Processing event: InsertTaskSessionEvent
20:20:07.840 [SQLite-Single-Thread-Writer] DEBUG tech.yesboss.persistence.db.SingleThreadDbWriter -- Completed event: InsertTaskSessionEvent
20:20:07.840 [SQLite-Single-Thread-Writer] DEBUG tech.yesboss.persistence.db.SingleThreadDbWriter -- Processing event: InsertTaskSessionEvent
20:20:07.840 [SQLite-Single-Thread-Writer] DEBUG tech.yesboss.persistence.db.SingleThreadDbWriter -- Completed event: InsertTaskSessionEvent
20:20:07.840 [SQLite-Single-Thread-Writer] DEBUG tech.yesboss.persistence.db.SingleThreadDbWriter -- Processing event: InsertTaskSessionEvent
20:20:07.840 [SQLite-Single-Thread-Writer] DEBUG tech.yesboss.persistence.db.SingleThreadDbWriter -- Completed event: InsertTaskSessionEvent
20:20:07.840 [SQLite-Single-Thread-Writer] DEBUG tech.yesboss.persistence.db.SingleThreadDbWriter -- Processing event: InsertTaskSessionEvent
20:20:07.840 [SQLite-Single-Thread-Writer] DEBUG tech.yesboss.persistence.db.SingleThreadDbWriter -- Completed event: InsertTaskSessionEvent
20:20:07.840 [SQLite-Single-Thread-Writer] DEBUG tech.yesboss.persistence.db.SingleThreadDbWriter -- Processing event: InsertTaskSessionEvent
20:20:07.840 [SQLite-Single-Thread-Writer] DEBUG tech.yesboss.persistence.db.SingleThreadDbWriter -- Completed event: InsertTaskSessionEvent
20:20:07.840 [SQLite-Single-Thread-Writer] DEBUG tech.yesboss.persistence.db.SingleThreadDbWriter -- Processing event: InsertTaskSessionEvent
20:20:07.840 [SQLite-Single-Thread-Writer] DEBUG tech.yesboss.persistence.db.SingleThreadDbWriter -- Completed event: InsertTaskSessionEvent
20:20:07.840 [SQLite-Single-Thread-Writer] DEBUG tech.yesboss.persistence.db.SingleThreadDbWriter -- Processing event: InsertTaskSessionEvent
20:20:07.840 [SQLite-Single-Thread-Writer] DEBUG tech.yesboss.persistence.db.SingleThreadDbWriter -- Completed event: InsertTaskSessionEvent
20:20:07.840 [SQLite-Single-Thread-Writer] DEBUG tech.yesboss.persistence.db.SingleThreadDbWriter -- Processing event: InsertTaskSessionEvent
20:20:07.840 [SQLite-Single-Thread-Writer] DEBUG tech.yesboss.persistence.db.SingleThreadDbWriter -- Completed event: InsertTaskSessionEvent
20:20:07.841 [SQLite-Single-Thread-Writer] DEBUG tech.yesboss.persistence.db.SingleThreadDbWriter -- Processing event: InsertTaskSessionEvent
20:20:07.841 [SQLite-Single-Thread-Writer] DEBUG tech.yesboss.persistence.db.SingleThreadDbWriter -- Completed event: InsertTaskSessionEvent
20:20:07.841 [SQLite-Single-Thread-Writer] DEBUG tech.yesboss.persistence.db.SingleThreadDbWriter -- Processing event: InsertTaskSessionEvent
20:20:07.841 [SQLite-Single-Thread-Writer] DEBUG tech.yesboss.persistence.db.SingleThreadDbWriter -- Completed event: InsertTaskSessionEvent
20:20:07.841 [SQLite-Single-Thread-Writer] DEBUG tech.yesboss.persistence.db.SingleThreadDbWriter -- Processing event: InsertTaskSessionEvent
20:20:07.841 [SQLite-Single-Thread-Writer] DEBUG tech.yesboss.persistence.db.SingleThreadDbWriter -- Completed event: InsertTaskSessionEvent
20:20:07.841 [SQLite-Single-Thread-Writer] DEBUG tech.yesboss.persistence.db.SingleThreadDbWriter -- Processing event: InsertTaskSessionEvent
20:20:07.841 [SQLite-Single-Thread-Writer] DEBUG tech.yesboss.persistence.db.SingleThreadDbWriter -- Completed event: InsertTaskSessionEvent
20:20:07.841 [SQLite-Single-Thread-Writer] DEBUG tech.yesboss.persistence.db.SingleThreadDbWriter -- Processing event: InsertTaskSessionEvent
20:20:07.841 [SQLite-Single-Thread-Writer] DEBUG tech.yesboss.persistence.db.SingleThreadDbWriter -- Completed event: InsertTaskSessionEvent
[...]
20:20:08.899 [main] DEBUG tech.yesboss.persistence.db.SingleThreadDbWriter -- Submitted event: InsertTaskSessionEvent
20:20:08.899 [main] DEBUG tech.yesboss.persistence.db.SingleThreadDbWriter -- Submitted event: InsertTaskSessionEvent
20:20:08.899 [main] DEBUG tech.yesboss.persistence.db.SingleThreadDbWriter -- Submitted event: InsertTaskSessionEvent
20:20:08.899 [main] DEBUG tech.yesboss.persistence.db.SingleThreadDbWriter -- Submitted event: InsertTaskSessionEvent
20:20:08.899 [main] DEBUG tech.yesboss.persistence.db.SingleThreadDbWriter -- Submitted event: InsertTaskSessionEvent
20:20:08.899 [main] DEBUG tech.yesboss.persistence.db.SingleThreadDbWriter -- Submitted event: InsertTaskSessionEvent
20:20:08.899 [main] DEBUG tech.yesboss.persistence.db.SingleThreadDbWriter -- Submitted event: InsertTaskSessionEvent
20:20:08.899 [main] DEBUG tech.yesboss.persistence.db.SingleThreadDbWriter -- Submitted event: InsertTaskSessionEvent
20:20:08.899 [main] DEBUG tech.yesboss.persistence.db.SingleThreadDbWriter -- Submitted event: InsertTaskSessionEvent
20:20:08.899 [main] DEBUG tech.yesboss.persistence.db.SingleThreadDbWriter -- Submitted event: InsertTaskSessionEvent
20:20:08.899 [main] DEBUG tech.yesboss.persistence.db.SingleThreadDbWriter -- Submitted event: InsertTaskSessionEvent
20:20:08.899 [main] DEBUG tech.yesboss.persistence.db.SingleThreadDbWriter -- Submitted event: InsertTaskSessionEvent
20:20:08.899 [main] DEBUG tech.yesboss.persistence.db.SingleThreadDbWriter -- Submitted event: InsertTaskSessionEvent
20:20:08.899 [main] DEBUG tech.yesboss.persistence.db.SingleThreadDbWriter -- Submitted event: InsertTaskSessionEvent
20:20:08.899 [main] DEBUG tech.yesboss.persistence.db.SingleThreadDbWriter -- Submitted event: InsertTaskSessionEvent
20:20:08.899 [SQLite-Single-Thread-Writer] DEBUG tech.yesboss.persistence.db.SingleThreadDbWriter -- Completed event: InsertTaskSessionEvent
20:20:08.899 [main] DEBUG tech.yesboss.persistence.db.SingleThreadDbWriter -- Submitted event: InsertTaskSessionEvent
20:20:08.899 [main] DEBUG tech.yesboss.persistence.db.SingleThreadDbWriter -- Submitted event: InsertTaskSessionEvent
20:20:08.899 [SQLite-Single-Thread-Writer] DEBUG tech.yesboss.persistence.db.SingleThreadDbWriter -- Processing event: InsertTaskSessionEvent
20:20:08.899 [main] DEBUG tech.yesboss.persistence.db.SingleThreadDbWriter -- Submitted event: InsertTaskSessionEvent
20:20:08.899 [main] DEBUG tech.yesboss.persistence.db.SingleThreadDbWriter -- Submitted event: InsertTaskSessionEvent
20:20:08.899 [main] DEBUG tech.yesboss.persistence.db.SingleThreadDbWriter -- Submitted event: InsertTaskSessionEvent
20:20:08.899 [main] DEBUG tech.yesboss.persistence.db.SingleThreadDbWriter -- Submitted event: InsertTaskSessionEvent
20:20:08.899 [main] DEBUG tech.yesboss.persistence.db.SingleThreadDbWriter -- Submitted event: InsertTaskSessionEvent
20:20:08.899 [main] DEBUG tech.yesboss.persistence.db.SingleThreadDbWriter -- Submitted event: InsertTaskSessionEvent
20:20:08.899 [main] DEBUG tech.yesboss.persistence.db.SingleThreadDbWriter -- Submitted event: InsertTaskSessionEvent
20:20:08.899 [main] DEBUG tech.yesboss.persistence.db.SingleThreadDbWriter -- Submitted event: InsertTaskSessionEvent
20:20:08.899 [SQLite-Single-Thread-Writer] DEBUG tech.yesboss.persistence.db.SingleThreadDbWriter -- Completed event: InsertTaskSessionEvent
20:20:08.899 [main] DEBUG tech.yesboss.persistence.db.SingleThreadDbWriter -- Submitted event: InsertTaskSessionEvent
20:20:08.899 [SQLite-Single-Thread-Writer] DEBUG tech.yesboss.persistence.db.SingleThreadDbWriter -- Processing event: InsertTaskSessionEvent
20:20:08.899 [main] DEBUG tech.yesboss.persistence.db.SingleThreadDbWriter -- Submitted event: InsertTaskSessionEvent
20:20:08.899 [main] DEBUG tech.yesboss.persistence.db.SingleThreadDbWriter -- Submitted event: InsertTaskSessionEvent
20:20:08.899 [main] DEBUG tech.yesboss.persistence.db.SingleThreadDbWriter -- Submitted event: InsertTaskSessionEvent
20:20:08.899 [main] DEBUG tech.yesboss.persistence.db.SingleThreadDbWriter -- Submitted event: InsertTaskSessionEvent
20:20:08.899 [main] DEBUG tech.yesboss.persistence.db.SingleThreadDbWriter -- Submitted event: InsertTaskSessionEvent
20:20:08.899 [SQLite-Single-Thread-Writer] DEBUG tech.yesboss.persistence.db.SingleThreadDbWriter -- Completed event: InsertTaskSessionEvent
20:20:08.899 [main] DEBUG tech.yesboss.persistence.db.SingleThreadDbWriter -- Submitted event: InsertTaskSessionEvent
20:20:08.899 [SQLite-Single-Thread-Writer] DEBUG tech.yesboss.persistence.db.SingleThreadDbWriter -- Processing event: InsertTaskSessionEvent
20:20:08.899 [main] DEBUG tech.yesboss.persistence.db.SingleThreadDbWriter -- Submitted event: InsertTaskSessionEvent
20:20:08.899 [main] DEBUG tech.yesboss.persistence.db.SingleThreadDbWriter -- Submitted event: InsertTaskSessionEvent
20:20:08.899 [main] DEBUG tech.yesboss.persistence.db.SingleThreadDbWriter -- Submitted event: InsertTaskSessionEvent
20:20:08.899 [main] DEBUG tech.yesboss.persistence.db.SingleThreadDbWriter -- Submitted event: InsertTaskSessionEvent
20:20:08.899 [SQLite-Single-Thread-Writer] DEBUG tech.yesboss.persistence.db.SingleThreadDbWriter -- Completed event: InsertTaskSessionEvent
20:20:08.899 [SQLite-Single-Thread-Writer] DEBUG tech.yesboss.persistence.db.SingleThreadDbWriter -- Processing event: InsertTaskSessionEvent
20:20:08.899 [main] DEBUG tech.yesboss.persistence.db.SingleThreadDbWriter -- Submitted event: InsertTaskSessionEvent
20:20:08.899 [main] DEBUG tech.yesboss.persistence.db.SingleThreadDbWriter -- Submitted event: InsertTaskSessionEvent
20:20:08.899 [main] DEBUG tech.yesboss.persistence.db.SingleThreadDbWriter -- Submitted event: InsertTaskSessionEvent
20:20:08.899 [SQLite-Single-Thread-Writer] DEBUG tech.yesboss.persistence.db.SingleThreadDbWriter -- Completed event: InsertTaskSessionEvent
20:20:08.899 [SQLite-Single-Thread-Writer] DEBUG tech.yesboss.persistence.db.SingleThreadDbWriter -- Processing event: InsertTaskSessionEvent
20:20:08.899 [SQLite-Single-Thread-Writer] DEBUG tech.yesboss.persistence.db.SingleThreadDbWriter -- Completed event: InsertTaskSessionEvent
20:20:08.899 [SQLite-Single-Thread-Writer] DEBUG tech.yesboss.persistence.db.SingleThreadDbWriter -- Processing event: InsertTaskSessionEvent
20:20:08.899 [SQLite-Single-Thread-Writer] DEBUG tech.yesboss.persistence.db.SingleThreadDbWriter -- Completed event: InsertTaskSessionEvent
20:20:08.899 [SQLite-Single-Thread-Writer] DEBUG tech.yesboss.persistence.db.SingleThreadDbWriter -- Processing event: InsertTaskSessionEvent
20:20:08.899 [SQLite-Single-Thread-Writer] DEBUG tech.yesboss.persistence.db.SingleThreadDbWriter -- Completed event: InsertTaskSessionEvent
20:20:08.899 [SQLite-Single-Thread-Writer] DEBUG tech.yesboss.persistence.db.SingleThreadDbWriter -- Processing event: InsertTaskSessionEvent
20:20:08.899 [SQLite-Single-Thread-Writer] DEBUG tech.yesboss.persistence.db.SingleThreadDbWriter -- Completed event: InsertTaskSessionEvent
20:20:08.899 [SQLite-Single-Thread-Writer] DEBUG tech.yesboss.persistence.db.SingleThreadDbWriter -- Processing event: InsertTaskSessionEvent
20:20:08.899 [SQLite-Single-Thread-Writer] DEBUG tech.yesboss.persistence.db.SingleThreadDbWriter -- Completed event: InsertTaskSessionEvent
20:20:08.899 [SQLite-Single-Thread-Writer] DEBUG tech.yesboss.persistence.db.SingleThreadDbWriter -- Processing event: InsertTaskSessionEvent
20:20:08.899 [main] DEBUG tech.yesboss.persistence.db.SingleThreadDbWriter -- Submitted event: InsertTaskSessionEvent
20:20:08.899 [SQLite-Single-Thread-Writer] DEBUG tech.yesboss.persistence.db.SingleThreadDbWriter -- Completed event: InsertTaskSessionEvent
20:20:08.899 [SQLite-Single-Thread-Writer] DEBUG tech.yesboss.persistence.db.SingleThreadDbWriter -- Processing event: InsertTaskSessionEvent
20:20:08.899 [SQLite-Single-Thread-Writer] DEBUG tech.yesboss.persistence.db.SingleThreadDbWriter -- Completed event: InsertTaskSessionEvent
20:20:08.899 [SQLite-Single-Thread-Writer] DEBUG tech.yesboss.persistence.db.SingleThreadDbWriter -- Processing event: InsertTaskSessionEvent
20:20:08.899 [SQLite-Single-Thread-Writer] DEBUG tech.yesboss.persistence.db.SingleThreadDbWriter -- Completed event: InsertTaskSessionEvent
20:20:08.899 [SQLite-Single-Thread-Writer] DEBUG tech.yesboss.persistence.db.SingleThreadDbWriter -- Processing event: InsertTaskSessionEvent
20:20:08.899 [SQLite-Single-Thread-Writer] DEBUG tech.yesboss.persistence.db.SingleThreadDbWriter -- Completed event: InsertTaskSessionEvent
20:20:08.899 [SQLite-Single-Thread-Writer] DEBUG tech.yesboss.persistence.db.SingleThreadDbWriter -- Processing event: InsertTaskSessionEvent
20:20:08.899 [SQLite-Single-Thread-Writer] DEBUG tech.yesboss.persistence.db.SingleThreadDbWriter -- Completed event: InsertTaskSessionEvent
20:20:08.899 [SQLite-Single-Thread-Writer] DEBUG tech.yesboss.persistence.db.SingleThreadDbWriter -- Processing event: InsertTaskSessionEvent
20:20:08.899 [main] DEBUG tech.yesboss.persistence.db.SingleThreadDbWriter -- Submitted event: InsertTaskSessionEvent
20:20:08.899 [SQLite-Single-Thread-Writer] DEBUG tech.yesboss.persistence.db.SingleThreadDbWriter -- Completed event: InsertTaskSessionEvent
20:20:08.899 [SQLite-Single-Thread-Writer] DEBUG tech.yesboss.persistence.db.SingleThreadDbWriter -- Processing event: InsertTaskSessionEvent
20:20:08.899 [main] DEBUG tech.yesboss.persistence.db.SingleThreadDbWriter -- Submitted event: InsertTaskSessionEvent
20:20:08.899 [main] DEBUG tech.yesboss.persistence.db.SingleThreadDbWriter -- Submitted event: InsertTaskSessionEvent
20:20:08.899 [main] DEBUG tech.yesboss.persistence.db.SingleThreadDbWriter -- Submitted event: InsertTaskSessionEvent
20:20:08.899 [main] DEBUG tech.yesboss.persistence.db.SingleThreadDbWriter -- Submitted event: InsertTaskSessionEvent
20:20:08.899 [SQLite-Single-Thread-Writer] DEBUG tech.yesboss.persistence.db.SingleThreadDbWriter -- Completed event: InsertTaskSessionEvent
20:20:08.899 [main] DEBUG tech.yesboss.persistence.db.SingleThreadDbWriter -- Submitted event: InsertTaskSessionEvent
20:20:08.899 [SQLite-Single-Thread-Writer] DEBUG tech.yesboss.persistence.db.SingleThreadDbWriter -- Processing event: InsertTaskSessionEvent
20:20:08.899 [main] DEBUG tech.yesboss.persistence.db.SingleThreadDbWriter -- Submitted event: InsertTaskSessionEvent
20:20:08.899 [SQLite-Single-Thread-Writer] DEBUG tech.yesboss.persistence.db.SingleThreadDbWriter -- Completed event: InsertTaskSessionEvent
20:20:08.899 [SQLite-Single-Thread-Writer] DEBUG tech.yesboss.persistence.db.SingleThreadDbWriter -- Processing event: InsertTaskSessionEvent
20:20:08.899 [SQLite-Single-Thread-Writer] DEBUG tech.yesboss.persistence.db.SingleThreadDbWriter -- Completed event: InsertTaskSessionEvent
20:20:08.899 [SQLite-Single-Thread-Writer] DEBUG tech.yesboss.persistence.db.SingleThreadDbWriter -- Processing event: InsertTaskSessionEvent
20:20:08.899 [SQLite-Single-Thread-Writer] DEBUG tech.yesboss.persistence.db.SingleThreadDbWriter -- Completed event: InsertTaskSessionEvent
20:20:08.899 [SQLite-Single-Thread-Writer] DEBUG tech.yesboss.persistence.db.SingleThreadDbWriter -- Processing event: InsertTaskSessionEvent
20:20:08.899 [SQLite-Single-Thread-Writer] DEBUG tech.yesboss.persistence.db.SingleThreadDbWriter -- Completed event: InsertTaskSessionEvent
20:20:08.899 [SQLite-Single-Thread-Writer] DEBUG tech.yesboss.persistence.db.SingleThreadDbWriter -- Processing event: InsertTaskSessionEvent
20:20:08.899 [SQLite-Single-Thread-Writer] DEBUG tech.yesboss.persistence.db.SingleThreadDbWriter -- Completed event: InsertTaskSessionEvent
20:20:08.899 [SQLite-Single-Thread-Writer] DEBUG tech.yesboss.persistence.db.SingleThreadDbWriter -- Processing event: InsertTaskSessionEvent
20:20:08.899 [SQLite-Single-Thread-Writer] DEBUG tech.yesboss.persistence.db.SingleThreadDbWriter -- Completed event: InsertTaskSessionEvent
20:20:08.899 [SQLite-Single-Thread-Writer] DEBUG tech.yesboss.persistence.db.SingleThreadDbWriter -- Processing event: InsertTaskSessionEvent
20:20:08.899 [SQLite-Single-Thread-Writer] DEBUG tech.yesboss.persistence.db.SingleThreadDbWriter -- Completed event: InsertTaskSessionEvent
20:20:08.899 [SQLite-Single-Thread-Writer] DEBUG tech.yesboss.persistence.db.SingleThreadDbWriter -- Processing event: InsertTaskSessionEvent
20:20:08.899 [SQLite-Single-Thread-Writer] DEBUG tech.yesboss.persistence.db.SingleThreadDbWriter -- Completed event: InsertTaskSessionEvent
20:20:08.899 [SQLite-Single-Thread-Writer] DEBUG tech.yesboss.persistence.db.SingleThreadDbWriter -- Processing event: InsertTaskSessionEvent
20:20:08.899 [SQLite-Single-Thread-Writer] DEBUG tech.yesboss.persistence.db.SingleThreadDbWriter -- Completed event: InsertTaskSessionEvent
20:20:08.899 [SQLite-Single-Thread-Writer] DEBUG tech.yesboss.persistence.db.SingleThreadDbWriter -- Processing event: InsertTaskSessionEvent
20:20:08.899 [SQLite-Single-Thread-Writer] DEBUG tech.yesboss.persistence.db.SingleThreadDbWriter -- Completed event: InsertTaskSessionEvent
20:20:08.899 [SQLite-Single-Thread-Writer] DEBUG tech.yesboss.persistence.db.SingleThreadDbWriter -- Processing event: InsertTaskSessionEvent
20:20:08.899 [SQLite-Single-Thread-Writer] DEBUG tech.yesboss.persistence.db.SingleThreadDbWriter -- Completed event: InsertTaskSessionEvent
20:20:08.899 [SQLite-Single-Thread-Writer] DEBUG tech.yesboss.persistence.db.SingleThreadDbWriter -- Processing event: InsertTaskSessionEvent
20:20:08.899 [SQLite-Single-Thread-Writer] DEBUG tech.yesboss.persistence.db.SingleThreadDbWriter -- Completed event: InsertTaskSessionEvent
20:20:08.899 [SQLite-Single-Thread-Writer] DEBUG tech.yesboss.persistence.db.SingleThreadDbWriter -- Processing event: InsertTaskSessionEvent
20:20:08.899 [SQLite-Single-Thread-Writer] DEBUG tech.yesboss.persistence.db.SingleThreadDbWriter -- Completed event: InsertTaskSessionEvent
20:20:08.899 [SQLite-Single-Thread-Writer] DEBUG tech.yesboss.persistence.db.SingleThreadDbWriter -- Processing event: InsertTaskSessionEvent
20:20:08.899 [SQLite-Single-Thread-Writer] DEBUG tech.yesboss.persistence.db.SingleThreadDbWriter -- Completed event: InsertTaskSessionEvent
20:20:08.899 [SQLite-Single-Thread-Writer] DEBUG tech.yesboss.persistence.db.SingleThreadDbWriter -- Processing event: InsertTaskSessionEvent
20:20:08.899 [SQLite-Single-Thread-Writer] DEBUG tech.yesboss.persistence.db.SingleThreadDbWriter -- Completed event: InsertTaskSessionEvent
20:20:08.899 [SQLite-Single-Thread-Writer] DEBUG tech.yesboss.persistence.db.SingleThreadDbWriter -- Processing event: InsertTaskSessionEvent
20:20:08.899 [SQLite-Single-Thread-Writer] DEBUG tech.yesboss.persistence.db.SingleThreadDbWriter -- Completed event: InsertTaskSessionEvent
20:20:08.899 [SQLite-Single-Thread-Writer] DEBUG tech.yesboss.persistence.db.SingleThreadDbWriter -- Processing event: InsertTaskSessionEvent
20:20:08.899 [SQLite-Single-Thread-Writer] DEBUG tech.yesboss.persistence.db.SingleThreadDbWriter -- Completed event: InsertTaskSessionEvent
20:20:08.899 [SQLite-Single-Thread-Writer] DEBUG tech.yesboss.persistence.db.SingleThreadDbWriter -- Processing event: InsertTaskSessionEvent
20:20:08.900 [SQLite-Single-Thread-Writer] DEBUG tech.yesboss.persistence.db.SingleThreadDbWriter -- Completed event: InsertTaskSessionEvent
20:20:08.900 [SQLite-Single-Thread-Writer] DEBUG tech.yesboss.persistence.db.SingleThreadDbWriter -- Processing event: InsertTaskSessionEvent
20:20:08.900 [SQLite-Single-Thread-Writer] DEBUG tech.yesboss.persistence.db.SingleThreadDbWriter -- Completed event: InsertTaskSessionEvent
20:20:08.900 [SQLite-Single-Thread-Writer] DEBUG tech.yesboss.persistence.db.SingleThreadDbWriter -- Processing event: InsertTaskSessionEvent
20:20:08.900 [SQLite-Single-Thread-Writer] DEBUG tech.yesboss.persistence.db.SingleThreadDbWriter -- Completed event: InsertTaskSessionEvent
20:20:08.900 [SQLite-Single-Thread-Writer] DEBUG tech.yesboss.persistence.db.SingleThreadDbWriter -- Processing event: InsertTaskSessionEvent
20:20:08.900 [SQLite-Single-Thread-Writer] DEBUG tech.yesboss.persistence.db.SingleThreadDbWriter -- Completed event: InsertTaskSessionEvent
20:20:08.900 [SQLite-Single-Thread-Writer] DEBUG tech.yesboss.persistence.db.SingleThreadDbWriter -- Processing event: InsertTaskSessionEvent
20:20:08.900 [SQLite-Single-Thread-Writer] DEBUG tech.yesboss.persistence.db.SingleThreadDbWriter -- Completed event: InsertTaskSessionEvent
20:20:08.900 [SQLite-Single-Thread-Writer] DEBUG tech.yesboss.persistence.db.SingleThreadDbWriter -- Processing event: InsertTaskSessionEvent
20:20:08.900 [SQLite-Single-Thread-Writer] DEBUG tech.yesboss.persistence.db.SingleThreadDbWriter -- Completed event: InsertTaskSessionEvent
20:20:08.900 [SQLite-Single-Thread-Writer] DEBUG tech.yesboss.persistence.db.SingleThreadDbWriter -- Processing event: InsertTaskSessionEvent
20:20:08.900 [SQLite-Single-Thread-Writer] DEBUG tech.yesboss.persistence.db.SingleThreadDbWriter -- Completed event: InsertTaskSessionEvent
20:20:08.900 [SQLite-Single-Thread-Writer] DEBUG tech.yesboss.persistence.db.SingleThreadDbWriter -- Processing event: InsertTaskSessionEvent
20:20:08.900 [SQLite-Single-Thread-Writer] DEBUG tech.yesboss.persistence.db.SingleThreadDbWriter -- Completed event: InsertTaskSessionEvent
20:20:08.900 [SQLite-Single-Thread-Writer] DEBUG tech.yesboss.persistence.db.SingleThreadDbWriter -- Processing event: InsertTaskSessionEvent
20:20:08.900 [SQLite-Single-Thread-Writer] DEBUG tech.yesboss.persistence.db.SingleThreadDbWriter -- Completed event: InsertTaskSessionEvent
20:20:08.900 [SQLite-Single-Thread-Writer] DEBUG tech.yesboss.persistence.db.SingleThreadDbWriter -- Processing event: InsertTaskSessionEvent
20:20:08.900 [SQLite-Single-Thread-Writer] DEBUG tech.yesboss.persistence.db.SingleThreadDbWriter -- Completed event: InsertTaskSessionEvent
20:20:08.900 [SQLite-Single-Thread-Writer] DEBUG tech.yesboss.persistence.db.SingleThreadDbWriter -- Processing event: InsertTaskSessionEvent
20:20:08.900 [SQLite-Single-Thread-Writer] DEBUG tech.yesboss.persistence.db.SingleThreadDbWriter -- Completed event: InsertTaskSessionEvent
20:20:08.900 [SQLite-Single-Thread-Writer] DEBUG tech.yesboss.persistence.db.SingleThreadDbWriter -- Processing event: InsertTaskSessionEvent
20:20:08.900 [SQLite-Single-Thread-Writer] DEBUG tech.yesboss.persistence.db.SingleThreadDbWriter -- Completed event: InsertTaskSessionEvent
20:20:08.900 [SQLite-Single-Thread-Writer] DEBUG tech.yesboss.persistence.db.SingleThreadDbWriter -- Processing event: InsertTaskSessionEvent
20:20:08.900 [SQLite-Single-Thread-Writer] DEBUG tech.yesboss.persistence.db.SingleThreadDbWriter -- Completed event: InsertTaskSessionEvent
20:20:08.900 [SQLite-Single-Thread-Writer] DEBUG tech.yesboss.persistence.db.SingleThreadDbWriter -- Processing event: InsertTaskSessionEvent
20:20:08.900 [SQLite-Single-Thread-Writer] DEBUG tech.yesboss.persistence.db.SingleThreadDbWriter -- Completed event: InsertTaskSessionEvent
20:20:08.900 [SQLite-Single-Thread-Writer] DEBUG tech.yesboss.persistence.db.SingleThreadDbWriter -- Processing event: InsertTaskSessionEvent
20:20:08.900 [SQLite-Single-Thread-Writer] DEBUG tech.yesboss.persistence.db.SingleThreadDbWriter -- Completed event: InsertTaskSessionEvent
20:20:08.900 [SQLite-Single-Thread-Writer] DEBUG tech.yesboss.persistence.db.SingleThreadDbWriter -- Processing event: InsertTaskSessionEvent
20:20:08.900 [SQLite-Single-Thread-Writer] DEBUG tech.yesboss.persistence.db.SingleThreadDbWriter -- Completed event: InsertTaskSessionEvent
20:20:09.010 [SQLite-Single-Thread-Writer] DEBUG tech.yesboss.persistence.db.SingleThreadDbWriter -- Consumer thread interrupted
20:20:09.010 [SQLite-Single-Thread-Writer] DEBUG tech.yesboss.persistence.db.SingleThreadDbWriter -- Consumer thread terminated
20:20:09.010 [main] INFO tech.yesboss.persistence.db.SingleThreadDbWriter -- Stopped SQLite single-thread consumer
]]></system-out>
  </testcase>
</testsuite>